Code - OSS (1.65.0, undefined, desktop)
Jupyter Extension Version: 2022.2.1010641114.
Python Extension Version: 2022.2.1924087327.
Info 15:01:01: ZMQ install verified.
Error 15:01:02: extension activation failed [Error: Extension 'ms-toolsai.jupyter' CANNOT use API proposal: notebookEditor.
Its package.json#enabledApiProposals-property declares:  but NOT notebookEditor.
 The missing proposal MUST be added and you must start in extension development mode or use the following command line switch: --enable-proposed-api ms-toolsai.jupyter
	at b (/usr/lib/code/out/vs/workbench/api/node/extensionHostProcess.js:83:64781)
	at Object.onDidChangeCellMetadata (/usr/lib/code/out/vs/workbench/api/node/extensionHostProcess.js:99:51827)
	at u.addEventHandlers (/home/adrian/.vscode-oss/extensions/ms-toolsai.jupyter-2022.2.1010641114/out/client/extension.js:2:49093)
	at new u (/home/adrian/.vscode-oss/extensions/ms-toolsai.jupyter-2022.2.1010641114/out/client/extension.js:2:47758)
	at Object.t.resolveInstance (/home/adrian/.vscode-oss/extensions/ms-toolsai.jupyter-2022.2.1010641114/out/client/extension.js:2:2746267)
	at /home/adrian/.vscode-oss/extensions/ms-toolsai.jupyter-2022.2.1010641114/out/client/extension.js:2:2748163
	at Array.map (<anonymous>)
	at Object.t.resolveInstance (/home/adrian/.vscode-oss/extensions/ms-toolsai.jupyter-2022.2.1010641114/out/client/extension.js:2:2746041)
	at /home/adrian/.vscode-oss/extensions/ms-toolsai.jupyter-2022.2.1010641114/out/client/extension.js:2:2748163
	at /home/adrian/.vscode-oss/extensions/ms-toolsai.jupyter-2022.2.1010641114/out/client/extension.js:2:2747111
	at Array.map (<anonymous>)
	at /home/adrian/.vscode-oss/extensions/ms-toolsai.jupyter-2022.2.1010641114/out/client/extension.js:2:2747083
	at Array.map (<anonymous>)
	at Object.t.resolveInstance (/home/adrian/.vscode-oss/extensions/ms-toolsai.jupyter-2022.2.1010641114/out/client/extension.js:2:2746041)
	at /home/adrian/.vscode-oss/extensions/ms-toolsai.jupyter-2022.2.1010641114/out/client/extension.js:2:2748163
	at Object.t.resolve (/home/adrian/.vscode-oss/extensions/ms-toolsai.jupyter-2022.2.1010641114/out/client/extension.js:2:2748426)
	at /home/adrian/.vscode-oss/extensions/ms-toolsai.jupyter-2022.2.1010641114/out/client/extension.js:2:2734496
	at e._get (/home/adrian/.vscode-oss/extensions/ms-toolsai.jupyter-2022.2.1010641114/out/client/extension.js:2:2734262)
	at e.get (/home/adrian/.vscode-oss/extensions/ms-toolsai.jupyter-2022.2.1010641114/out/client/extension.js:2:2732974)
	at a.get (/home/adrian/.vscode-oss/extensions/ms-toolsai.jupyter-2022.2.1010641114/out/client/extension.js:2:1077671)
	at /home/adrian/.vscode-oss/extensions/ms-toolsai.jupyter-2022.2.1010641114/out/client/extension.js:2:1073811
	at processTicksAndRejections (internal/process/task_queues.js:93:5)
	at async /home/adrian/.vscode-oss/extensions/ms-toolsai.jupyter-2022.2.1010641114/out/client/extension.js:2:4550797
	at async e.activate (/home/adrian/.vscode-oss/extensions/ms-toolsai.jupyter-2022.2.1010641114/out/client/extension.js:2:4550474)
	at async Promise.all (index 1)]
Error 15:01:02: Failed to active the Jupyter Extension [Error: Extension 'ms-toolsai.jupyter' CANNOT use API proposal: notebookEditor.
Its package.json#enabledApiProposals-property declares:  but NOT notebookEditor.
 The missing proposal MUST be added and you must start in extension development mode or use the following command line switch: --enable-proposed-api ms-toolsai.jupyter
	at b (/usr/lib/code/out/vs/workbench/api/node/extensionHostProcess.js:83:64781)
	at Object.onDidChangeCellMetadata (/usr/lib/code/out/vs/workbench/api/node/extensionHostProcess.js:99:51827)
	at u.addEventHandlers (/home/adrian/.vscode-oss/extensions/ms-toolsai.jupyter-2022.2.1010641114/out/client/extension.js:2:49093)
	at new u (/home/adrian/.vscode-oss/extensions/ms-toolsai.jupyter-2022.2.1010641114/out/client/extension.js:2:47758)
	at Object.t.resolveInstance (/home/adrian/.vscode-oss/extensions/ms-toolsai.jupyter-2022.2.1010641114/out/client/extension.js:2:2746267)
	at /home/adrian/.vscode-oss/extensions/ms-toolsai.jupyter-2022.2.1010641114/out/client/extension.js:2:2748163
	at Array.map (<anonymous>)
	at Object.t.resolveInstance (/home/adrian/.vscode-oss/extensions/ms-toolsai.jupyter-2022.2.1010641114/out/client/extension.js:2:2746041)
	at /home/adrian/.vscode-oss/extensions/ms-toolsai.jupyter-2022.2.1010641114/out/client/extension.js:2:2748163
	at /home/adrian/.vscode-oss/extensions/ms-toolsai.jupyter-2022.2.1010641114/out/client/extension.js:2:2747111
	at Array.map (<anonymous>)
	at /home/adrian/.vscode-oss/extensions/ms-toolsai.jupyter-2022.2.1010641114/out/client/extension.js:2:2747083
	at Array.map (<anonymous>)
	at Object.t.resolveInstance (/home/adrian/.vscode-oss/extensions/ms-toolsai.jupyter-2022.2.1010641114/out/client/extension.js:2:2746041)
	at /home/adrian/.vscode-oss/extensions/ms-toolsai.jupyter-2022.2.1010641114/out/client/extension.js:2:2748163
	at Object.t.resolve (/home/adrian/.vscode-oss/extensions/ms-toolsai.jupyter-2022.2.1010641114/out/client/extension.js:2:2748426)
	at /home/adrian/.vscode-oss/extensions/ms-toolsai.jupyter-2022.2.1010641114/out/client/extension.js:2:2734496
	at e._get (/home/adrian/.vscode-oss/extensions/ms-toolsai.jupyter-2022.2.1010641114/out/client/extension.js:2:2734262)
	at e.get (/home/adrian/.vscode-oss/extensions/ms-toolsai.jupyter-2022.2.1010641114/out/client/extension.js:2:2732974)
	at a.get (/home/adrian/.vscode-oss/extensions/ms-toolsai.jupyter-2022.2.1010641114/out/client/extension.js:2:1077671)
	at /home/adrian/.vscode-oss/extensions/ms-toolsai.jupyter-2022.2.1010641114/out/client/extension.js:2:1073811
	at processTicksAndRejections (internal/process/task_queues.js:93:5)
	at async /home/adrian/.vscode-oss/extensions/ms-toolsai.jupyter-2022.2.1010641114/out/client/extension.js:2:4550797
	at async e.activate (/home/adrian/.vscode-oss/extensions/ms-toolsai.jupyter-2022.2.1010641114/out/client/extension.js:2:4550474)
	at async Promise.all (index 1)]
