[2022-04-21T00:37:50.573Z] Validating found git in: git
[2022-04-21T00:37:50.697Z] Using git 2.35.1 from git
[2022-04-21T00:46:40.411Z] > git rev-parse --git-dir [2ms]
[2022-04-21T00:46:40.447Z] Open repository: /home/adrian/coding/rust-first-time
[2022-04-21T00:46:40.498Z] > git symbolic-ref --short HEAD [3ms]
[2022-04-21T00:46:40.527Z] > git for-each-ref --format=%(refname)%00%(upstream:short)%00%(objectname)%00%(upstream:track) refs/heads/master refs/remotes/master [15ms]
[2022-04-21T00:46:40.562Z] > git remote --verbose [8ms]
[2022-04-21T00:46:40.562Z] > git for-each-ref --sort -committerdate --format %(refname) %(objectname) %(*objectname) [22ms]
[2022-04-21T00:46:40.593Z] > git config --get commit.template [5ms]
[2022-04-21T00:46:48.481Z] > git ls-files --stage -- /home/adrian/coding/rust-first-time/src/main.rs [119ms]
[2022-04-21T00:48:19.514Z] > git symbolic-ref --short HEAD [6ms]
[2022-04-21T00:48:19.533Z] > git for-each-ref --format=%(refname)%00%(upstream:short)%00%(objectname)%00%(upstream:track) refs/heads/master refs/remotes/master [3ms]
[2022-04-21T00:48:19.566Z] > git for-each-ref --sort -committerdate --format %(refname) %(objectname) %(*objectname) [19ms]
[2022-04-21T00:48:19.566Z] > git remote --verbose [2ms]
[2022-04-21T00:48:19.586Z] > git config --get commit.template [3ms]
[2022-04-21T00:48:38.257Z] > git symbolic-ref --short HEAD [9ms]
[2022-04-21T00:48:38.276Z] > git for-each-ref --format=%(refname)%00%(upstream:short)%00%(objectname)%00%(upstream:track) refs/heads/master refs/remotes/master [3ms]
[2022-04-21T00:48:38.307Z] > git for-each-ref --sort -committerdate --format %(refname) %(objectname) %(*objectname) [18ms]
[2022-04-21T00:48:38.309Z] > git remote --verbose [4ms]
[2022-04-21T00:48:38.332Z] > git config --get commit.template [4ms]
[2022-04-21T00:48:43.404Z] > git symbolic-ref --short HEAD [6ms]
[2022-04-21T00:48:43.434Z] > git for-each-ref --format=%(refname)%00%(upstream:short)%00%(objectname)%00%(upstream:track) refs/heads/master refs/remotes/master [5ms]
[2022-04-21T00:48:43.486Z] > git remote --verbose [8ms]
[2022-04-21T00:48:43.487Z] > git for-each-ref --sort -committerdate --format %(refname) %(objectname) %(*objectname) [30ms]
[2022-04-21T00:48:43.526Z] > git config --get commit.template [5ms]
[2022-04-21T00:49:07.636Z] > git symbolic-ref --short HEAD [6ms]
[2022-04-21T00:49:07.665Z] > git for-each-ref --format=%(refname)%00%(upstream:short)%00%(objectname)%00%(upstream:track) refs/heads/master refs/remotes/master [4ms]
[2022-04-21T00:49:07.716Z] > git remote --verbose [7ms]
[2022-04-21T00:49:07.717Z] > git for-each-ref --sort -committerdate --format %(refname) %(objectname) %(*objectname) [30ms]
[2022-04-21T00:49:07.752Z] > git config --get commit.template [5ms]
[2022-04-21T00:49:21.109Z] > git symbolic-ref --short HEAD [5ms]
[2022-04-21T00:49:21.132Z] > git for-each-ref --format=%(refname)%00%(upstream:short)%00%(objectname)%00%(upstream:track) refs/heads/master refs/remotes/master [3ms]
[2022-04-21T00:49:21.173Z] > git for-each-ref --sort -committerdate --format %(refname) %(objectname) %(*objectname) [22ms]
[2022-04-21T00:49:21.175Z] > git remote --verbose [9ms]
[2022-04-21T00:49:21.202Z] > git config --get commit.template [4ms]
[2022-04-21T01:00:56.801Z] > git symbolic-ref --short HEAD [7ms]
[2022-04-21T01:00:56.853Z] > git for-each-ref --format=%(refname)%00%(upstream:short)%00%(objectname)%00%(upstream:track) refs/heads/master refs/remotes/master [4ms]
[2022-04-21T01:00:56.906Z] > git remote --verbose [10ms]
[2022-04-21T01:00:56.907Z] > git for-each-ref --sort -committerdate --format %(refname) %(objectname) %(*objectname) [34ms]
[2022-04-21T01:00:56.944Z] > git config --get commit.template [8ms]
