[6536][1647449574911][main][info]["Booting Postman 9.15.0, linux-5.16.13-arch1-1 on x64"]
[6536][1647449574923][main][info]["EventBus~initialize - Success"]
[6536][1647449574929][main][info]["Proxy configuration has not been setup"]
[6536][1647449574931][main][info]["CloudProxyManager~init - Success"]
[6536][1647449574955][main][info]["UpdateHandler~init - Success"]
[6536][1647449576266][main][info]["RuntimeIPCAgent~started: Success"]
[6536][1647449576280][main][info]["LinuxAutoUpdater~Cleanup - Initial cleanup successful"]
[6536][1647449576292][main][info]["LeaderSelection: Initialized successfully"]
[6536][1647449576294][main][info]["VersionDependencyService: Initialized successfully"]
[6536][1647449576402][main][info]["Generated root certificate for linux"]
[6536][1647449576544][main][info]["GPU detected VID 32902 DID 3889 ACTIVE true"]
[6536][1647449576685][main][info]["Bootstrap-models~bootstrap - Success"]
[6536][1647449589020][main][info]["UpdateHandler~app-update-events - Received event",{"name":"checkForElectronVersionUpdated","namespace":"appUpdate"}]
[6536][1647449589126][main][info]["windowManager: First requester booted successfully."]
[6536][1647449589127][main][info]["windowManager~restoreWindows: Restoring requester windows"]
[6536][1647449589129][main][info]["Main~AppEvents - Received booted event for process requester.Version undefined UI Version: undefined Desktop Platform Version: 9.15.0"]
[6536][1647451401796][main][info]["VersionDependencyService: Resetting UI version as user logged out/switched account"]
[6536][1647451401797][main][info]["Main - model-events~user - (users, add) received"]
[6536][1647451402846][main][error]["ProtocolHandler~setDefaultProtocolClient: Command failed: xdg-mime default Postman.desktop x-scheme-handler/postman\n/bin/sh: line 1: xdg-mime: command not found\n"]
[6536][1647451402972][main][warn]["AuthHandler~open: Current app is not default protocol client - Falling back to polling mechanism."]
[6536][1647451458966][main][info]["UpdateHandler~app-update-events - Received event",{"name":"checkForElectronVersionUpdated","namespace":"appUpdate"}]
[6536][1647451459015][main][info]["windowManager: First requester booted successfully."]
[6536][1647451459016][main][info]["windowManager~restoreWindows: Restoring requester windows"]
[6536][1647451459017][main][info]["Main~AppEvents - Received booted event for process requester.Version undefined UI Version: undefined Desktop Platform Version: 9.15.0"]
[6536][1647451463810][main][info]["VersionDependencyService: Resetting UI version as user logged out/switched account"]
[6536][1647451463813][main][info]["Main - model-events~user - (users, add) received"]
[6536][1647451464966][main][error]["ProtocolHandler~setDefaultProtocolClient: Command failed: xdg-mime default Postman.desktop x-scheme-handler/postman\n/bin/sh: line 1: xdg-mime: command not found\n"]
[6536][1647451465044][main][warn]["AuthHandler~open: Current app is not default protocol client - Falling back to polling mechanism."]
[6536][1647451549005][main][info]["UpdateHandler~app-update-events - Received event",{"name":"checkForElectronVersionUpdated","namespace":"appUpdate"}]
[6536][1647451549046][main][info]["windowManager: First requester booted successfully."]
[6536][1647451549048][main][info]["windowManager~restoreWindows: Restoring requester windows"]
[6536][1647451549049][main][info]["Main~AppEvents - Received booted event for process requester.Version undefined UI Version: undefined Desktop Platform Version: 9.15.0"]
[6536][1647451555595][main][info]["WindowManager~closeHandler - Closed Window (id: 5 )"]
[6536][1647451555627][main][info]["Quitting app"]
[7383][1647451567322][main][info]["Booting Postman 9.15.0, linux-5.16.13-arch1-1 on x64"]
[7383][1647451567331][main][info]["EventBus~initialize - Success"]
[7383][1647451567344][main][info]["Proxy configuration has not been setup"]
[7383][1647451567347][main][info]["CloudProxyManager~init - Success"]
[7383][1647451567375][main][info]["UpdateHandler~init - Success"]
[7383][1647451568897][main][info]["RuntimeIPCAgent~started: Success"]
[7383][1647451568904][main][info]["LinuxAutoUpdater~Cleanup - Initial cleanup successful"]
[7383][1647451568912][main][info]["LeaderSelection: Initialized successfully"]
[7383][1647451568914][main][info]["VersionDependencyService: Initialized successfully"]
[7383][1647451568985][main][info]["GPU detected VID 32902 DID 3889 ACTIVE true"]
[7383][1647451569169][main][info]["Bootstrap-models~bootstrap - Success"]
[7383][1647451576719][main][info]["UpdateHandler~app-update-events - Received event",{"name":"checkForElectronVersionUpdated","namespace":"appUpdate"}]
[7383][1647451576774][main][info]["windowManager: First requester booted successfully."]
[7383][1647451576775][main][info]["windowManager~restoreWindows: Restoring requester windows"]
[7383][1647451576777][main][info]["Main~AppEvents - Received booted event for process requester.Version undefined UI Version: undefined Desktop Platform Version: 9.15.0"]
[7383][1647451601818][main][info]["VersionDependencyService: Resetting UI version as user logged out/switched account"]
[7383][1647451601820][main][info]["Main - model-events~user - (users, add) received"]
[7383][1647451602999][main][error]["ProtocolHandler~setDefaultProtocolClient: Command failed: xdg-mime default Postman.desktop x-scheme-handler/postman\n/bin/sh: line 1: xdg-mime: command not found\n"]
[7383][1647451603133][main][warn]["AuthHandler~open: Current app is not default protocol client - Falling back to polling mechanism."]
[7383][1647451643184][main][info]["UpdateHandler~app-update-events - Received event",{"name":"checkForElectronVersionUpdated","namespace":"appUpdate"}]
[7383][1647451643254][main][info]["windowManager: First requester booted successfully."]
[7383][1647451643256][main][info]["windowManager~restoreWindows: Restoring requester windows"]
[7383][1647451643258][main][info]["Main~AppEvents - Received booted event for process requester.Version undefined UI Version: undefined Desktop Platform Version: 9.15.0"]
[7383][1647458166571][main][info]["WindowManager~closeHandler - Closed Window (id: 3 )"]
[7383][1647458166613][main][info]["Quitting app"]
[1243][1647469539869][main][info]["Booting Postman 9.15.0, linux-5.16.13-arch1-1 on x64"]
[1243][1647469539888][main][info]["EventBus~initialize - Success"]
[1243][1647469539946][main][info]["Proxy configuration has not been setup"]
[1243][1647469539950][main][info]["CloudProxyManager~init - Success"]
[1243][1647469539988][main][info]["UpdateHandler~init - Success"]
[1243][1647469544775][main][info]["RuntimeIPCAgent~started: Success"]
[1243][1647469544783][main][info]["LinuxAutoUpdater~Cleanup - Initial cleanup successful"]
[1243][1647469544786][main][info]["LeaderSelection: Initialized successfully"]
[1243][1647469544789][main][info]["VersionDependencyService: Initialized successfully"]
[1243][1647469544954][main][info]["GPU detected VID 32902 DID 3889 ACTIVE true"]
[1243][1647469545203][main][info]["Bootstrap-models~bootstrap - Success"]
[1243][1647469556355][main][info]["UpdateHandler~app-update-events - Received event",{"name":"checkForElectronVersionUpdated","namespace":"appUpdate"}]
[1243][1647469556441][main][info]["windowManager: First requester booted successfully."]
[1243][1647469556442][main][info]["windowManager~restoreWindows: Restoring requester windows"]
[1243][1647469556444][main][info]["Main~AppEvents - Received booted event for process requester.Version undefined UI Version: undefined Desktop Platform Version: 9.15.0"]
[746][1647471830260][main][info]["Booting Postman 9.15.0, linux-5.16.13-arch1-1 on x64"]
[746][1647471830285][main][info]["EventBus~initialize - Success"]
[746][1647471830323][main][info]["Proxy configuration has not been setup"]
[746][1647471830327][main][info]["CloudProxyManager~init - Success"]
[746][1647471830373][main][info]["UpdateHandler~init - Success"]
[746][1647471836511][main][info]["RuntimeIPCAgent~started: Success"]
[746][1647471836543][main][info]["LinuxAutoUpdater~Cleanup - Initial cleanup successful"]
[746][1647471836553][main][info]["LeaderSelection: Initialized successfully"]
[746][1647471836561][main][info]["VersionDependencyService: Initialized successfully"]
[746][1647471836801][main][info]["GPU detected VID 32902 DID 3889 ACTIVE true"]
[746][1647471837007][main][info]["Bootstrap-models~bootstrap - Success"]
[746][1647471848755][main][info]["UpdateHandler~app-update-events - Received event",{"name":"checkForElectronVersionUpdated","namespace":"appUpdate"}]
[746][1647471848831][main][info]["windowManager: First requester booted successfully."]
[746][1647471848833][main][info]["windowManager~restoreWindows: Restoring requester windows"]
[746][1647471848835][main][info]["Main~AppEvents - Received booted event for process requester.Version undefined UI Version: undefined Desktop Platform Version: 9.15.0"]
[746][1647474711570][main][info]["WindowManager~closeHandler - Closed Window (id: 1 )"]
[746][1647474711623][main][info]["Quitting app"]
[1846][1647707156295][main][info]["Booting Postman 9.15.0, linux-5.16.13-arch1-1 on x64"]
[1846][1647707156316][main][info]["EventBus~initialize - Success"]
[1846][1647707156368][main][info]["Proxy configuration has not been setup"]
[1846][1647707156371][main][info]["CloudProxyManager~init - Success"]
[1846][1647707156416][main][info]["UpdateHandler~init - Success"]
[1846][1647707161120][main][info]["RuntimeIPCAgent~started: Success"]
[1846][1647707161232][main][info]["LinuxAutoUpdater~Cleanup - Initial cleanup successful"]
[1846][1647707161264][main][info]["LeaderSelection: Initialized successfully"]
[1846][1647707161270][main][info]["VersionDependencyService: Initialized successfully"]
[1846][1647707161376][main][info]["GPU detected VID 32902 DID 3889 ACTIVE true"]
[1846][1647707161578][main][info]["Bootstrap-models~bootstrap - Success"]
[1846][1647707173242][main][info]["UpdateHandler~app-update-events - Received event",{"name":"checkForElectronVersionUpdated","namespace":"appUpdate"}]
[1846][1647707173321][main][info]["windowManager: First requester booted successfully."]
[1846][1647707173322][main][info]["windowManager~restoreWindows: Restoring requester windows"]
[1846][1647707173324][main][info]["Main~AppEvents - Received booted event for process requester.Version undefined UI Version: undefined Desktop Platform Version: 9.15.0"]
[1846][1647726018744][main][info]["WindowManager~closeHandler - Closed Window (id: 1 )"]
[1846][1647726018801][main][info]["Quitting app"]
[1117][1647863526475][main][info]["Booting Postman 9.15.0, linux-5.16.13-arch1-1 on x64"]
[1117][1647863526521][main][info]["EventBus~initialize - Success"]
[1117][1647863526688][main][info]["Proxy configuration has not been setup"]
[1117][1647863526697][main][info]["CloudProxyManager~init - Success"]
[1117][1647863526816][main][info]["UpdateHandler~init - Success"]
[1117][1647863534442][main][info]["RuntimeIPCAgent~started: Success"]
[1117][1647863534470][main][info]["LinuxAutoUpdater~Cleanup - Initial cleanup successful"]
[1117][1647863534494][main][info]["LeaderSelection: Initialized successfully"]
[1117][1647863534504][main][info]["VersionDependencyService: Initialized successfully"]
[1117][1647863534869][main][info]["GPU detected VID 32902 DID 3889 ACTIVE true"]
[1117][1647863535143][main][info]["Bootstrap-models~bootstrap - Success"]
[1117][1647863566102][main][info]["UpdateHandler~app-update-events - Received event",{"name":"checkForElectronVersionUpdated","namespace":"appUpdate"}]
[1117][1647863566317][main][info]["windowManager: First requester booted successfully."]
[1117][1647863566318][main][info]["windowManager~restoreWindows: Restoring requester windows"]
[1117][1647863566320][main][info]["Main~AppEvents - Received booted event for process requester.Version undefined UI Version: undefined Desktop Platform Version: 9.15.0"]
[1117][1647863577645][main][info]["UpdateHandler~app-update-events - Received event",{"name":"updateElectron","namespace":"appUpdate","data":{"channel":"stable","version":"9.15.0","downloadVersion":"9.15.2","appId":"f2c5e102-146f-410a-957d-5c209b4a3544","userAgent":"Mozilla/5.0 (X11; Linux x86_64) AppleWebKit/537.36 (KHTML, like Gecko) Postman/9.15.0 Chrome/91.0.4472.164 Electron/13.6.9 Safari/537.36","platform":"LINUX","arch":"64","downloadURL":"https://dl.pstmn.io/download/version/9.15.2/linux_64","updateServerDomain":"https://dl.pstmn.io/","additionalParamsString":"installationId=f2c5e102-146f-410a-957d-5c209b4a3544&userId=0&syncEnabled=false&teamPlan=&teamId=0","userId":"0"}}]
[1117][1647863577650][main][info]["LinuxUpdater~downloadUpdate - UpdateInfo received",{"channel":"stable","version":"9.15.0","downloadVersion":"9.15.2","appId":"f2c5e102-146f-410a-957d-5c209b4a3544","userAgent":"Mozilla/5.0 (X11; Linux x86_64) AppleWebKit/537.36 (KHTML, like Gecko) Postman/9.15.0 Chrome/91.0.4472.164 Electron/13.6.9 Safari/537.36","platform":"LINUX","arch":"64","downloadURL":"https://dl.pstmn.io/download/version/9.15.2/linux_64","updateServerDomain":"https://dl.pstmn.io/","additionalParamsString":"installationId=f2c5e102-146f-410a-957d-5c209b4a3544&userId=0&syncEnabled=false&teamPlan=&teamId=0","userId":"0"}]
[1117][1647863578099][main][info]["@postman/app-updater: error",{"errno":-13,"code":"EACCES","syscall":"open","path":"/opt/postman/Postman-1647863577656.tar.gz","name":"Error","message":"EACCES: permission denied, open '/opt/postman/Postman-1647863577656.tar.gz'","stack":"Error: EACCES: permission denied, open '/opt/postman/Postman-1647863577656.tar.gz'"},{"packageName":"Postman","eID":"Postman-1647863577656","downloadURL":"https://dl.pstmn.io/download/version/9.15.2/linux_64","downloadDirectory":"/opt/postman","downloadInfo":{"status":"DOWNLOAD_ERROR","error":{"errno":-13,"code":"EACCES","syscall":"open","path":"/opt/postman/Postman-1647863577656.tar.gz"},"downloadDirectory":"/opt/postman"}}]
[1117][1647863578111][main][info]["UpdateHandler~app-update-events - Received event",{"name":"electronAppUpdateError","namespace":"appUpdate","data":{"error":{"errno":-13,"code":"EACCES","syscall":"open","path":"/opt/postman/Postman-1647863577656.tar.gz","name":"Error","message":"EACCES: permission denied, open '/opt/postman/Postman-1647863577656.tar.gz'","stack":"Error: EACCES: permission denied, open '/opt/postman/Postman-1647863577656.tar.gz'"},"updateData":{"packageName":"Postman","eID":"Postman-1647863577656","downloadURL":"https://dl.pstmn.io/download/version/9.15.2/linux_64","downloadDirectory":"/opt/postman","downloadInfo":{"status":"DOWNLOAD_ERROR","error":{"errno":-13,"code":"EACCES","syscall":"open","path":"/opt/postman/Postman-1647863577656.tar.gz"},"downloadDirectory":"/opt/postman"}}}}]
[1117][1647867656106][main][info]["WindowManager~closeHandler - Closed Window (id: 1 )"]
[1117][1647867656342][main][info]["Quitting app"]
[14423][1647879064394][main][info]["Booting Postman 9.15.0, linux-5.16.13-arch1-1 on x64"]
[14423][1647879064414][main][info]["EventBus~initialize - Success"]
[14423][1647879064426][main][info]["Proxy configuration has not been setup"]
[14423][1647879064428][main][info]["CloudProxyManager~init - Success"]
[14423][1647879064461][main][info]["UpdateHandler~init - Success"]
[14423][1647879067680][main][info]["RuntimeIPCAgent~started: Success"]
[14423][1647879067687][main][info]["LinuxAutoUpdater~Cleanup - Initial cleanup successful"]
[14423][1647879067699][main][info]["LeaderSelection: Initialized successfully"]
[14423][1647879067701][main][info]["VersionDependencyService: Initialized successfully"]
[14423][1647879067767][main][info]["GPU detected VID 32902 DID 3889 ACTIVE true"]
[14423][1647879068001][main][info]["Bootstrap-models~bootstrap - Success"]
[14423][1647879076325][main][info]["UpdateHandler~app-update-events - Received event",{"name":"checkForElectronVersionUpdated","namespace":"appUpdate"}]
[14423][1647879076368][main][info]["windowManager: First requester booted successfully."]
[14423][1647879076371][main][info]["windowManager~restoreWindows: Restoring requester windows"]
[14423][1647879076373][main][info]["Main~AppEvents - Received booted event for process requester.Version undefined UI Version: undefined Desktop Platform Version: 9.15.0"]
[14423][1647879086931][main][info]["UpdateHandler~app-update-events - Received event",{"name":"updateElectron","namespace":"appUpdate","data":{"channel":"stable","version":"9.15.0","downloadVersion":"9.15.2","appId":"f2c5e102-146f-410a-957d-5c209b4a3544","userAgent":"Mozilla/5.0 (X11; Linux x86_64) AppleWebKit/537.36 (KHTML, like Gecko) Postman/9.15.0 Chrome/91.0.4472.164 Electron/13.6.9 Safari/537.36","platform":"LINUX","arch":"64","downloadURL":"https://dl.pstmn.io/download/version/9.15.2/linux_64","updateServerDomain":"https://dl.pstmn.io/","additionalParamsString":"installationId=f2c5e102-146f-410a-957d-5c209b4a3544&userId=0&syncEnabled=false&teamPlan=&teamId=0","userId":"0"}}]
[14423][1647879086936][main][info]["LinuxUpdater~downloadUpdate - UpdateInfo received",{"channel":"stable","version":"9.15.0","downloadVersion":"9.15.2","appId":"f2c5e102-146f-410a-957d-5c209b4a3544","userAgent":"Mozilla/5.0 (X11; Linux x86_64) AppleWebKit/537.36 (KHTML, like Gecko) Postman/9.15.0 Chrome/91.0.4472.164 Electron/13.6.9 Safari/537.36","platform":"LINUX","arch":"64","downloadURL":"https://dl.pstmn.io/download/version/9.15.2/linux_64","updateServerDomain":"https://dl.pstmn.io/","additionalParamsString":"installationId=f2c5e102-146f-410a-957d-5c209b4a3544&userId=0&syncEnabled=false&teamPlan=&teamId=0","userId":"0"}]
[14423][1647879087313][main][info]["@postman/app-updater: error",{"errno":-13,"code":"EACCES","syscall":"open","path":"/opt/postman/Postman-1647879086940.tar.gz","name":"Error","message":"EACCES: permission denied, open '/opt/postman/Postman-1647879086940.tar.gz'","stack":"Error: EACCES: permission denied, open '/opt/postman/Postman-1647879086940.tar.gz'"},{"packageName":"Postman","eID":"Postman-1647879086940","downloadURL":"https://dl.pstmn.io/download/version/9.15.2/linux_64","downloadDirectory":"/opt/postman","downloadInfo":{"status":"DOWNLOAD_ERROR","error":{"errno":-13,"code":"EACCES","syscall":"open","path":"/opt/postman/Postman-1647879086940.tar.gz"},"downloadDirectory":"/opt/postman"}}]
[14423][1647879087316][main][info]["UpdateHandler~app-update-events - Received event",{"name":"electronAppUpdateError","namespace":"appUpdate","data":{"error":{"errno":-13,"code":"EACCES","syscall":"open","path":"/opt/postman/Postman-1647879086940.tar.gz","name":"Error","message":"EACCES: permission denied, open '/opt/postman/Postman-1647879086940.tar.gz'","stack":"Error: EACCES: permission denied, open '/opt/postman/Postman-1647879086940.tar.gz'"},"updateData":{"packageName":"Postman","eID":"Postman-1647879086940","downloadURL":"https://dl.pstmn.io/download/version/9.15.2/linux_64","downloadDirectory":"/opt/postman","downloadInfo":{"status":"DOWNLOAD_ERROR","error":{"errno":-13,"code":"EACCES","syscall":"open","path":"/opt/postman/Postman-1647879086940.tar.gz"},"downloadDirectory":"/opt/postman"}}}}]
[14423][1647905271004][main][info]["WindowManager~closeHandler - Closed Window (id: 1 )"]
[14423][1647905272558][main][info]["Quitting app"]
[2273][1647961549034][main][info]["Booting Postman 9.15.0, linux-5.16.13-arch1-1 on x64"]
[2273][1647961549055][main][info]["EventBus~initialize - Success"]
[2273][1647961549084][main][info]["Proxy configuration has not been setup"]
[2273][1647961549086][main][info]["CloudProxyManager~init - Success"]
[2273][1647961549126][main][info]["UpdateHandler~init - Success"]
[2273][1647961554260][main][info]["RuntimeIPCAgent~started: Success"]
[2273][1647961554291][main][info]["LinuxAutoUpdater~Cleanup - Initial cleanup successful"]
[2273][1647961554299][main][info]["LeaderSelection: Initialized successfully"]
[2273][1647961554305][main][info]["VersionDependencyService: Initialized successfully"]
[2273][1647961554449][main][info]["GPU detected VID 32902 DID 3889 ACTIVE true"]
[2273][1647961554678][main][info]["Bootstrap-models~bootstrap - Success"]
[2273][1647961566520][main][info]["UpdateHandler~app-update-events - Received event",{"name":"checkForElectronVersionUpdated","namespace":"appUpdate"}]
[2273][1647961566578][main][info]["windowManager: First requester booted successfully."]
[2273][1647961566580][main][info]["windowManager~restoreWindows: Restoring requester windows"]
[2273][1647961566581][main][info]["Main~AppEvents - Received booted event for process requester.Version undefined UI Version: undefined Desktop Platform Version: 9.15.0"]
[2273][1647961577648][main][info]["UpdateHandler~app-update-events - Received event",{"name":"updateElectron","namespace":"appUpdate","data":{"channel":"stable","version":"9.15.0","downloadVersion":"9.15.2","appId":"f2c5e102-146f-410a-957d-5c209b4a3544","userAgent":"Mozilla/5.0 (X11; Linux x86_64) AppleWebKit/537.36 (KHTML, like Gecko) Postman/9.15.0 Chrome/91.0.4472.164 Electron/13.6.9 Safari/537.36","platform":"LINUX","arch":"64","downloadURL":"https://dl.pstmn.io/download/version/9.15.2/linux_64","updateServerDomain":"https://dl.pstmn.io/","additionalParamsString":"installationId=f2c5e102-146f-410a-957d-5c209b4a3544&userId=0&syncEnabled=false&teamPlan=&teamId=0","userId":"0"}}]
[2273][1647961577654][main][info]["LinuxUpdater~downloadUpdate - UpdateInfo received",{"channel":"stable","version":"9.15.0","downloadVersion":"9.15.2","appId":"f2c5e102-146f-410a-957d-5c209b4a3544","userAgent":"Mozilla/5.0 (X11; Linux x86_64) AppleWebKit/537.36 (KHTML, like Gecko) Postman/9.15.0 Chrome/91.0.4472.164 Electron/13.6.9 Safari/537.36","platform":"LINUX","arch":"64","downloadURL":"https://dl.pstmn.io/download/version/9.15.2/linux_64","updateServerDomain":"https://dl.pstmn.io/","additionalParamsString":"installationId=f2c5e102-146f-410a-957d-5c209b4a3544&userId=0&syncEnabled=false&teamPlan=&teamId=0","userId":"0"}]
[2273][1647961578161][main][info]["@postman/app-updater: error",{"errno":-13,"code":"EACCES","syscall":"open","path":"/opt/postman/Postman-1647961577660.tar.gz","name":"Error","message":"EACCES: permission denied, open '/opt/postman/Postman-1647961577660.tar.gz'","stack":"Error: EACCES: permission denied, open '/opt/postman/Postman-1647961577660.tar.gz'"},{"packageName":"Postman","eID":"Postman-1647961577660","downloadURL":"https://dl.pstmn.io/download/version/9.15.2/linux_64","downloadDirectory":"/opt/postman","downloadInfo":{"status":"DOWNLOAD_ERROR","error":{"errno":-13,"code":"EACCES","syscall":"open","path":"/opt/postman/Postman-1647961577660.tar.gz"},"downloadDirectory":"/opt/postman"}}]
[2273][1647961578171][main][info]["UpdateHandler~app-update-events - Received event",{"name":"electronAppUpdateError","namespace":"appUpdate","data":{"error":{"errno":-13,"code":"EACCES","syscall":"open","path":"/opt/postman/Postman-1647961577660.tar.gz","name":"Error","message":"EACCES: permission denied, open '/opt/postman/Postman-1647961577660.tar.gz'","stack":"Error: EACCES: permission denied, open '/opt/postman/Postman-1647961577660.tar.gz'"},"updateData":{"packageName":"Postman","eID":"Postman-1647961577660","downloadURL":"https://dl.pstmn.io/download/version/9.15.2/linux_64","downloadDirectory":"/opt/postman","downloadInfo":{"status":"DOWNLOAD_ERROR","error":{"errno":-13,"code":"EACCES","syscall":"open","path":"/opt/postman/Postman-1647961577660.tar.gz"},"downloadDirectory":"/opt/postman"}}}}]
[2273][1647965298414][main][info]["WindowManager~closeHandler - Closed Window (id: 1 )"]
[2273][1647965298556][main][info]["Quitting app"]
[9367][1647968022938][main][info]["Booting Postman 9.15.0, linux-5.16.13-arch1-1 on x64"]
[9367][1647968022952][main][info]["EventBus~initialize - Success"]
[9367][1647968022976][main][info]["Proxy configuration has not been setup"]
[9367][1647968022979][main][info]["CloudProxyManager~init - Success"]
[9367][1647968023026][main][info]["UpdateHandler~init - Success"]
[9367][1647968028229][main][info]["RuntimeIPCAgent~started: Success"]
[9367][1647968028256][main][info]["LinuxAutoUpdater~Cleanup - Initial cleanup successful"]
[9367][1647968028263][main][info]["LeaderSelection: Initialized successfully"]
[9367][1647968028268][main][info]["VersionDependencyService: Initialized successfully"]
[9367][1647968028382][main][info]["GPU detected VID 32902 DID 3889 ACTIVE true"]
[9367][1647968028627][main][info]["Bootstrap-models~bootstrap - Success"]
[9367][1647968038304][main][info]["UpdateHandler~app-update-events - Received event",{"name":"checkForElectronVersionUpdated","namespace":"appUpdate"}]
[9367][1647968038364][main][info]["windowManager: First requester booted successfully."]
[9367][1647968038366][main][info]["windowManager~restoreWindows: Restoring requester windows"]
[9367][1647968038367][main][info]["Main~AppEvents - Received booted event for process requester.Version undefined UI Version: undefined Desktop Platform Version: 9.15.0"]
[9367][1647968049758][main][info]["UpdateHandler~app-update-events - Received event",{"name":"updateElectron","namespace":"appUpdate","data":{"channel":"stable","version":"9.15.0","downloadVersion":"9.15.2","appId":"f2c5e102-146f-410a-957d-5c209b4a3544","userAgent":"Mozilla/5.0 (X11; Linux x86_64) AppleWebKit/537.36 (KHTML, like Gecko) Postman/9.15.0 Chrome/91.0.4472.164 Electron/13.6.9 Safari/537.36","platform":"LINUX","arch":"64","downloadURL":"https://dl.pstmn.io/download/version/9.15.2/linux_64","updateServerDomain":"https://dl.pstmn.io/","additionalParamsString":"installationId=f2c5e102-146f-410a-957d-5c209b4a3544&userId=0&syncEnabled=false&teamPlan=&teamId=0","userId":"0"}}]
[9367][1647968049760][main][info]["LinuxUpdater~downloadUpdate - UpdateInfo received",{"channel":"stable","version":"9.15.0","downloadVersion":"9.15.2","appId":"f2c5e102-146f-410a-957d-5c209b4a3544","userAgent":"Mozilla/5.0 (X11; Linux x86_64) AppleWebKit/537.36 (KHTML, like Gecko) Postman/9.15.0 Chrome/91.0.4472.164 Electron/13.6.9 Safari/537.36","platform":"LINUX","arch":"64","downloadURL":"https://dl.pstmn.io/download/version/9.15.2/linux_64","updateServerDomain":"https://dl.pstmn.io/","additionalParamsString":"installationId=f2c5e102-146f-410a-957d-5c209b4a3544&userId=0&syncEnabled=false&teamPlan=&teamId=0","userId":"0"}]
[9367][1647968050156][main][info]["@postman/app-updater: error",{"errno":-13,"code":"EACCES","syscall":"open","path":"/opt/postman/Postman-1647968049762.tar.gz","name":"Error","message":"EACCES: permission denied, open '/opt/postman/Postman-1647968049762.tar.gz'","stack":"Error: EACCES: permission denied, open '/opt/postman/Postman-1647968049762.tar.gz'"},{"packageName":"Postman","eID":"Postman-1647968049762","downloadURL":"https://dl.pstmn.io/download/version/9.15.2/linux_64","downloadDirectory":"/opt/postman","downloadInfo":{"status":"DOWNLOAD_ERROR","error":{"errno":-13,"code":"EACCES","syscall":"open","path":"/opt/postman/Postman-1647968049762.tar.gz"},"downloadDirectory":"/opt/postman"}}]
[9367][1647968050165][main][info]["UpdateHandler~app-update-events - Received event",{"name":"electronAppUpdateError","namespace":"appUpdate","data":{"error":{"errno":-13,"code":"EACCES","syscall":"open","path":"/opt/postman/Postman-1647968049762.tar.gz","name":"Error","message":"EACCES: permission denied, open '/opt/postman/Postman-1647968049762.tar.gz'","stack":"Error: EACCES: permission denied, open '/opt/postman/Postman-1647968049762.tar.gz'"},"updateData":{"packageName":"Postman","eID":"Postman-1647968049762","downloadURL":"https://dl.pstmn.io/download/version/9.15.2/linux_64","downloadDirectory":"/opt/postman","downloadInfo":{"status":"DOWNLOAD_ERROR","error":{"errno":-13,"code":"EACCES","syscall":"open","path":"/opt/postman/Postman-1647968049762.tar.gz"},"downloadDirectory":"/opt/postman"}}}}]
[9367][1647983055556][main][info]["WindowManager~closeHandler - Closed Window (id: 1 )"]
[9367][1647983056337][main][info]["Quitting app"]
[28563][1647987370404][main][info]["Booting Postman 9.15.0, linux-5.16.13-arch1-1 on x64"]
[28563][1647987370422][main][info]["EventBus~initialize - Success"]
[28563][1647987370442][main][info]["Proxy configuration has not been setup"]
[28563][1647987370445][main][info]["CloudProxyManager~init - Success"]
[28563][1647987370483][main][info]["UpdateHandler~init - Success"]
[28563][1647987375773][main][info]["RuntimeIPCAgent~started: Success"]
[28563][1647987375781][main][info]["LinuxAutoUpdater~Cleanup - Initial cleanup successful"]
[28563][1647987375784][main][info]["LeaderSelection: Initialized successfully"]
[28563][1647987375786][main][info]["VersionDependencyService: Initialized successfully"]
[28563][1647987375913][main][info]["GPU detected VID 32902 DID 3889 ACTIVE true"]
[28563][1647987376116][main][info]["Bootstrap-models~bootstrap - Success"]
[28563][1647987387870][main][info]["UpdateHandler~app-update-events - Received event",{"name":"checkForElectronVersionUpdated","namespace":"appUpdate"}]
[28563][1647987387949][main][info]["windowManager: First requester booted successfully."]
[28563][1647987387951][main][info]["windowManager~restoreWindows: Restoring requester windows"]
[28563][1647987387952][main][info]["Main~AppEvents - Received booted event for process requester.Version undefined UI Version: undefined Desktop Platform Version: 9.15.0"]
[28563][1647987399780][main][info]["UpdateHandler~app-update-events - Received event",{"name":"updateElectron","namespace":"appUpdate","data":{"channel":"stable","version":"9.15.0","downloadVersion":"9.15.2","appId":"f2c5e102-146f-410a-957d-5c209b4a3544","userAgent":"Mozilla/5.0 (X11; Linux x86_64) AppleWebKit/537.36 (KHTML, like Gecko) Postman/9.15.0 Chrome/91.0.4472.164 Electron/13.6.9 Safari/537.36","platform":"LINUX","arch":"64","downloadURL":"https://dl.pstmn.io/download/version/9.15.2/linux_64","updateServerDomain":"https://dl.pstmn.io/","additionalParamsString":"installationId=f2c5e102-146f-410a-957d-5c209b4a3544&userId=0&syncEnabled=false&teamPlan=&teamId=0","userId":"0"}}]
[28563][1647987399785][main][info]["LinuxUpdater~downloadUpdate - UpdateInfo received",{"channel":"stable","version":"9.15.0","downloadVersion":"9.15.2","appId":"f2c5e102-146f-410a-957d-5c209b4a3544","userAgent":"Mozilla/5.0 (X11; Linux x86_64) AppleWebKit/537.36 (KHTML, like Gecko) Postman/9.15.0 Chrome/91.0.4472.164 Electron/13.6.9 Safari/537.36","platform":"LINUX","arch":"64","downloadURL":"https://dl.pstmn.io/download/version/9.15.2/linux_64","updateServerDomain":"https://dl.pstmn.io/","additionalParamsString":"installationId=f2c5e102-146f-410a-957d-5c209b4a3544&userId=0&syncEnabled=false&teamPlan=&teamId=0","userId":"0"}]
[28563][1647987400221][main][info]["@postman/app-updater: error",{"errno":-13,"code":"EACCES","syscall":"open","path":"/opt/postman/Postman-1647987399789.tar.gz","name":"Error","message":"EACCES: permission denied, open '/opt/postman/Postman-1647987399789.tar.gz'","stack":"Error: EACCES: permission denied, open '/opt/postman/Postman-1647987399789.tar.gz'"},{"packageName":"Postman","eID":"Postman-1647987399789","downloadURL":"https://dl.pstmn.io/download/version/9.15.2/linux_64","downloadDirectory":"/opt/postman","downloadInfo":{"status":"DOWNLOAD_ERROR","error":{"errno":-13,"code":"EACCES","syscall":"open","path":"/opt/postman/Postman-1647987399789.tar.gz"},"downloadDirectory":"/opt/postman"}}]
[28563][1647987400228][main][info]["UpdateHandler~app-update-events - Received event",{"name":"electronAppUpdateError","namespace":"appUpdate","data":{"error":{"errno":-13,"code":"EACCES","syscall":"open","path":"/opt/postman/Postman-1647987399789.tar.gz","name":"Error","message":"EACCES: permission denied, open '/opt/postman/Postman-1647987399789.tar.gz'","stack":"Error: EACCES: permission denied, open '/opt/postman/Postman-1647987399789.tar.gz'"},"updateData":{"packageName":"Postman","eID":"Postman-1647987399789","downloadURL":"https://dl.pstmn.io/download/version/9.15.2/linux_64","downloadDirectory":"/opt/postman","downloadInfo":{"status":"DOWNLOAD_ERROR","error":{"errno":-13,"code":"EACCES","syscall":"open","path":"/opt/postman/Postman-1647987399789.tar.gz"},"downloadDirectory":"/opt/postman"}}}}]
[28563][1647991224141][main][info]["WindowManager~closeHandler - Closed Window (id: 1 )"]
[28563][1647991224478][main][info]["Quitting app"]
[3898][1648158628443][main][info]["Booting Postman 9.15.0, linux-5.16.13-arch1-1 on x64"]
[3898][1648158628489][main][info]["EventBus~initialize - Success"]
[3898][1648158628525][main][info]["Proxy configuration has not been setup"]
[3898][1648158628532][main][info]["CloudProxyManager~init - Success"]
[3898][1648158628638][main][info]["UpdateHandler~init - Success"]
[3898][1648158636612][main][info]["RuntimeIPCAgent~started: Success"]
[3898][1648158636651][main][info]["LinuxAutoUpdater~Cleanup - Initial cleanup successful"]
[3898][1648158636665][main][info]["LeaderSelection: Initialized successfully"]
[3898][1648158636676][main][info]["VersionDependencyService: Initialized successfully"]
[3898][1648158637053][main][info]["GPU detected VID 32902 DID 3889 ACTIVE true"]
[3898][1648158637427][main][info]["Bootstrap-models~bootstrap - Success"]
[3898][1648158669032][main][info]["UpdateHandler~app-update-events - Received event",{"name":"checkForElectronVersionUpdated","namespace":"appUpdate"}]
[3898][1648158669319][main][info]["windowManager: First requester booted successfully."]
[3898][1648158669324][main][info]["windowManager~restoreWindows: Restoring requester windows"]
[3898][1648158669328][main][info]["Main~AppEvents - Received booted event for process requester.Version undefined UI Version: undefined Desktop Platform Version: 9.15.0"]
[5580][1650036640617][main][info]["Booting Postman 9.15.0, linux-5.16.13-arch1-1 on x64"]
[5580][1650036640633][main][info]["EventBus~initialize - Success"]
[5580][1650036640687][main][info]["Proxy configuration has not been setup"]
[5580][1650036640690][main][info]["CloudProxyManager~init - Success"]
[5580][1650036640728][main][info]["UpdateHandler~init - Success"]
[5580][1650036645794][main][info]["RuntimeIPCAgent~started: Success"]
[5580][1650036645807][main][info]["LinuxAutoUpdater~Cleanup - Initial cleanup successful"]
[5580][1650036645823][main][info]["LeaderSelection: Initialized successfully"]
[5580][1650036645826][main][info]["VersionDependencyService: Initialized successfully"]
[5580][1650036645959][main][info]["GPU detected VID 32902 DID 3889 ACTIVE true"]
[5580][1650036646166][main][info]["Bootstrap-models~bootstrap - Success"]
[5580][1650036657991][main][info]["UpdateHandler~app-update-events - Received event",{"name":"checkForElectronVersionUpdated","namespace":"appUpdate"}]
[5580][1650036658094][main][info]["windowManager: First requester booted successfully."]
[5580][1650036658096][main][info]["windowManager~restoreWindows: Restoring requester windows"]
[5580][1650036658097][main][info]["Main~AppEvents - Received booted event for process requester.Version undefined UI Version: undefined Desktop Platform Version: 9.15.0"]
[5580][1650036669570][main][info]["UpdateHandler~app-update-events - Received event",{"name":"updateElectron","namespace":"appUpdate","data":{"channel":"stable","version":"9.15.0","downloadVersion":"9.15.2","appId":"f2c5e102-146f-410a-957d-5c209b4a3544","userAgent":"Mozilla/5.0 (X11; Linux x86_64) AppleWebKit/537.36 (KHTML, like Gecko) Postman/9.15.0 Chrome/91.0.4472.164 Electron/13.6.9 Safari/537.36","platform":"LINUX","arch":"64","downloadURL":"https://dl.pstmn.io/download/version/9.15.2/linux_64","updateServerDomain":"https://dl.pstmn.io/","additionalParamsString":"installationId=f2c5e102-146f-410a-957d-5c209b4a3544&userId=0&syncEnabled=false&teamPlan=&teamId=0","userId":"0"}}]
[5580][1650036669575][main][info]["LinuxUpdater~downloadUpdate - UpdateInfo received",{"channel":"stable","version":"9.15.0","downloadVersion":"9.15.2","appId":"f2c5e102-146f-410a-957d-5c209b4a3544","userAgent":"Mozilla/5.0 (X11; Linux x86_64) AppleWebKit/537.36 (KHTML, like Gecko) Postman/9.15.0 Chrome/91.0.4472.164 Electron/13.6.9 Safari/537.36","platform":"LINUX","arch":"64","downloadURL":"https://dl.pstmn.io/download/version/9.15.2/linux_64","updateServerDomain":"https://dl.pstmn.io/","additionalParamsString":"installationId=f2c5e102-146f-410a-957d-5c209b4a3544&userId=0&syncEnabled=false&teamPlan=&teamId=0","userId":"0"}]
[5580][1650036670107][main][info]["@postman/app-updater: error",{"errno":-13,"code":"EACCES","syscall":"open","path":"/opt/postman/Postman-1650036669577.tar.gz","name":"Error","message":"EACCES: permission denied, open '/opt/postman/Postman-1650036669577.tar.gz'","stack":"Error: EACCES: permission denied, open '/opt/postman/Postman-1650036669577.tar.gz'"},{"packageName":"Postman","eID":"Postman-1650036669577","downloadURL":"https://dl.pstmn.io/download/version/9.15.2/linux_64","downloadDirectory":"/opt/postman","downloadInfo":{"status":"DOWNLOAD_ERROR","error":{"errno":-13,"code":"EACCES","syscall":"open","path":"/opt/postman/Postman-1650036669577.tar.gz"},"downloadDirectory":"/opt/postman"}}]
[5580][1650036670114][main][info]["UpdateHandler~app-update-events - Received event",{"name":"electronAppUpdateError","namespace":"appUpdate","data":{"error":{"errno":-13,"code":"EACCES","syscall":"open","path":"/opt/postman/Postman-1650036669577.tar.gz","name":"Error","message":"EACCES: permission denied, open '/opt/postman/Postman-1650036669577.tar.gz'","stack":"Error: EACCES: permission denied, open '/opt/postman/Postman-1650036669577.tar.gz'"},"updateData":{"packageName":"Postman","eID":"Postman-1650036669577","downloadURL":"https://dl.pstmn.io/download/version/9.15.2/linux_64","downloadDirectory":"/opt/postman","downloadInfo":{"status":"DOWNLOAD_ERROR","error":{"errno":-13,"code":"EACCES","syscall":"open","path":"/opt/postman/Postman-1650036669577.tar.gz"},"downloadDirectory":"/opt/postman"}}}}]
[5580][1650046241158][main][info]["WindowManager~closeHandler - Closed Window (id: 1 )"]
[5580][1650046241760][main][info]["Quitting app"]
[2811][1657286641979][main][info]["Booting Postman 9.15.0, linux-5.16.13-arch1-1 on x64"]
[2811][1657286642024][main][info]["EventBus~initialize - Success"]
[2811][1657286642057][main][info]["Proxy configuration has not been setup"]
[2811][1657286642064][main][info]["CloudProxyManager~init - Success"]
[2811][1657286642170][main][info]["UpdateHandler~init - Success"]
[2811][1657286650533][main][info]["RuntimeIPCAgent~started: Success"]
[2811][1657286650563][main][info]["LinuxAutoUpdater~Cleanup - Initial cleanup successful"]
[2811][1657286650577][main][info]["LeaderSelection: Initialized successfully"]
[2811][1657286650588][main][info]["VersionDependencyService: Initialized successfully"]
[2811][1657286650979][main][info]["GPU detected VID 32902 DID 3889 ACTIVE true"]
[2811][1657286651339][main][info]["Bootstrap-models~bootstrap - Success"]
[2811][1657286683800][main][info]["UpdateHandler~app-update-events - Received event",{"name":"checkForElectronVersionUpdated","namespace":"appUpdate"}]
[2811][1657286684036][main][info]["windowManager: First requester booted successfully."]
[2811][1657286684042][main][info]["windowManager~restoreWindows: Restoring requester windows"]
[2811][1657286684046][main][info]["Main~AppEvents - Received booted event for process requester.Version undefined UI Version: undefined Desktop Platform Version: 9.15.0"]
[2811][1657286695468][main][info]["UpdateHandler~app-update-events - Received event",{"name":"updateElectron","namespace":"appUpdate","data":{"channel":"stable","version":"9.15.0","downloadVersion":"9.22.2","appId":"f2c5e102-146f-410a-957d-5c209b4a3544","userAgent":"Mozilla/5.0 (X11; Linux x86_64) AppleWebKit/537.36 (KHTML, like Gecko) Postman/9.15.0 Chrome/91.0.4472.164 Electron/13.6.9 Safari/537.36","platform":"LINUX","arch":"64","downloadURL":"https://dl.pstmn.io/download/version/9.22.2/linux_64","updateServerDomain":"https://dl.pstmn.io/","additionalParamsString":"installationId=f2c5e102-146f-410a-957d-5c209b4a3544&userId=0&syncEnabled=false&teamPlan=&teamId=0","userId":"0"}}]
[2811][1657286695474][main][info]["LinuxUpdater~downloadUpdate - UpdateInfo received",{"channel":"stable","version":"9.15.0","downloadVersion":"9.22.2","appId":"f2c5e102-146f-410a-957d-5c209b4a3544","userAgent":"Mozilla/5.0 (X11; Linux x86_64) AppleWebKit/537.36 (KHTML, like Gecko) Postman/9.15.0 Chrome/91.0.4472.164 Electron/13.6.9 Safari/537.36","platform":"LINUX","arch":"64","downloadURL":"https://dl.pstmn.io/download/version/9.22.2/linux_64","updateServerDomain":"https://dl.pstmn.io/","additionalParamsString":"installationId=f2c5e102-146f-410a-957d-5c209b4a3544&userId=0&syncEnabled=false&teamPlan=&teamId=0","userId":"0"}]
[2811][1657286695977][main][info]["@postman/app-updater: error",{"errno":-13,"code":"EACCES","syscall":"open","path":"/opt/postman/Postman-1657286695480.tar.gz","name":"Error","message":"EACCES: permission denied, open '/opt/postman/Postman-1657286695480.tar.gz'","stack":"Error: EACCES: permission denied, open '/opt/postman/Postman-1657286695480.tar.gz'"},{"packageName":"Postman","eID":"Postman-1657286695480","downloadURL":"https://dl.pstmn.io/download/version/9.22.2/linux_64","downloadDirectory":"/opt/postman","downloadInfo":{"status":"DOWNLOAD_ERROR","error":{"errno":-13,"code":"EACCES","syscall":"open","path":"/opt/postman/Postman-1657286695480.tar.gz"},"downloadDirectory":"/opt/postman"}}]
[2811][1657286695988][main][info]["UpdateHandler~app-update-events - Received event",{"name":"electronAppUpdateError","namespace":"appUpdate","data":{"error":{"errno":-13,"code":"EACCES","syscall":"open","path":"/opt/postman/Postman-1657286695480.tar.gz","name":"Error","message":"EACCES: permission denied, open '/opt/postman/Postman-1657286695480.tar.gz'","stack":"Error: EACCES: permission denied, open '/opt/postman/Postman-1657286695480.tar.gz'"},"updateData":{"packageName":"Postman","eID":"Postman-1657286695480","downloadURL":"https://dl.pstmn.io/download/version/9.22.2/linux_64","downloadDirectory":"/opt/postman","downloadInfo":{"status":"DOWNLOAD_ERROR","error":{"errno":-13,"code":"EACCES","syscall":"open","path":"/opt/postman/Postman-1657286695480.tar.gz"},"downloadDirectory":"/opt/postman"}}}}]
[2811][1657286794531][main][info]["WindowManager~closeHandler - Closed Window (id: 1 )"]
[2811][1657286794846][main][info]["Quitting app"]
[13776][1658106969257][main][info]["Booting Postman 9.15.0, linux-5.16.13-arch1-1 on x64"]
[13776][1658106969286][main][info]["EventBus~initialize - Success"]
[13776][1658106969319][main][info]["Proxy configuration has not been setup"]
[13776][1658106969324][main][info]["CloudProxyManager~init - Success"]
[13776][1658106969365][main][info]["UpdateHandler~init - Success"]
[13776][1658106975016][main][info]["RuntimeIPCAgent~started: Success"]
[13776][1658106975092][main][info]["LinuxAutoUpdater~Cleanup - Initial cleanup successful"]
[13776][1658106975109][main][info]["LeaderSelection: Initialized successfully"]
[13776][1658106975118][main][info]["VersionDependencyService: Initialized successfully"]
[13776][1658106975266][main][info]["GPU detected VID 32902 DID 3889 ACTIVE true"]
[13776][1658106975497][main][info]["Bootstrap-models~bootstrap - Success"]
[13776][1658106987908][main][info]["UpdateHandler~app-update-events - Received event",{"name":"checkForElectronVersionUpdated","namespace":"appUpdate"}]
[13776][1658106987984][main][info]["windowManager: First requester booted successfully."]
[13776][1658106987986][main][info]["windowManager~restoreWindows: Restoring requester windows"]
[13776][1658106987987][main][info]["Main~AppEvents - Received booted event for process requester.Version undefined UI Version: undefined Desktop Platform Version: 9.15.0"]
[13776][1658106998928][main][info]["UpdateHandler~app-update-events - Received event",{"name":"updateElectron","namespace":"appUpdate","data":{"channel":"stable","version":"9.15.0","downloadVersion":"9.25.0","appId":"f2c5e102-146f-410a-957d-5c209b4a3544","userAgent":"Mozilla/5.0 (X11; Linux x86_64) AppleWebKit/537.36 (KHTML, like Gecko) Postman/9.15.0 Chrome/91.0.4472.164 Electron/13.6.9 Safari/537.36","platform":"LINUX","arch":"64","downloadURL":"https://dl.pstmn.io/download/version/9.25.0/linux_64","updateServerDomain":"https://dl.pstmn.io/","additionalParamsString":"installationId=f2c5e102-146f-410a-957d-5c209b4a3544&userId=0&syncEnabled=false&teamPlan=&teamId=0","userId":"0"}}]
[13776][1658106998931][main][info]["LinuxUpdater~downloadUpdate - UpdateInfo received",{"channel":"stable","version":"9.15.0","downloadVersion":"9.25.0","appId":"f2c5e102-146f-410a-957d-5c209b4a3544","userAgent":"Mozilla/5.0 (X11; Linux x86_64) AppleWebKit/537.36 (KHTML, like Gecko) Postman/9.15.0 Chrome/91.0.4472.164 Electron/13.6.9 Safari/537.36","platform":"LINUX","arch":"64","downloadURL":"https://dl.pstmn.io/download/version/9.25.0/linux_64","updateServerDomain":"https://dl.pstmn.io/","additionalParamsString":"installationId=f2c5e102-146f-410a-957d-5c209b4a3544&userId=0&syncEnabled=false&teamPlan=&teamId=0","userId":"0"}]
[13776][1658106999331][main][info]["@postman/app-updater: error",{"errno":-13,"code":"EACCES","syscall":"open","path":"/opt/postman/Postman-1658106998933.tar.gz","name":"Error","message":"EACCES: permission denied, open '/opt/postman/Postman-1658106998933.tar.gz'","stack":"Error: EACCES: permission denied, open '/opt/postman/Postman-1658106998933.tar.gz'"},{"packageName":"Postman","eID":"Postman-1658106998933","downloadURL":"https://dl.pstmn.io/download/version/9.25.0/linux_64","downloadDirectory":"/opt/postman","downloadInfo":{"status":"DOWNLOAD_ERROR","error":{"errno":-13,"code":"EACCES","syscall":"open","path":"/opt/postman/Postman-1658106998933.tar.gz"},"downloadDirectory":"/opt/postman"}}]
[13776][1658106999340][main][info]["UpdateHandler~app-update-events - Received event",{"name":"electronAppUpdateError","namespace":"appUpdate","data":{"error":{"errno":-13,"code":"EACCES","syscall":"open","path":"/opt/postman/Postman-1658106998933.tar.gz","name":"Error","message":"EACCES: permission denied, open '/opt/postman/Postman-1658106998933.tar.gz'","stack":"Error: EACCES: permission denied, open '/opt/postman/Postman-1658106998933.tar.gz'"},"updateData":{"packageName":"Postman","eID":"Postman-1658106998933","downloadURL":"https://dl.pstmn.io/download/version/9.25.0/linux_64","downloadDirectory":"/opt/postman","downloadInfo":{"status":"DOWNLOAD_ERROR","error":{"errno":-13,"code":"EACCES","syscall":"open","path":"/opt/postman/Postman-1658106998933.tar.gz"},"downloadDirectory":"/opt/postman"}}}}]
[13776][1658109127128][main][info]["WindowManager~closeHandler - Closed Window (id: 1 )"]
[13776][1658109127321][main][info]["Quitting app"]
[3595][1658180982177][main][info]["Booting Postman 9.15.0, linux-5.16.13-arch1-1 on x64"]
[3595][1658180982188][main][info]["EventBus~initialize - Success"]
[3595][1658180982209][main][info]["Proxy configuration has not been setup"]
[3595][1658180982211][main][info]["CloudProxyManager~init - Success"]
[3595][1658180982233][main][info]["UpdateHandler~init - Success"]
[3595][1658180987260][main][info]["RuntimeIPCAgent~started: Success"]
[3595][1658180987276][main][info]["LinuxAutoUpdater~Cleanup - Initial cleanup successful"]
[3595][1658180987300][main][info]["LeaderSelection: Initialized successfully"]
[3595][1658180987305][main][info]["VersionDependencyService: Initialized successfully"]
[3595][1658180987433][main][info]["GPU detected VID 32902 DID 3889 ACTIVE true"]
[3595][1658180987624][main][info]["Bootstrap-models~bootstrap - Success"]
[3595][1658180999366][main][info]["UpdateHandler~app-update-events - Received event",{"name":"checkForElectronVersionUpdated","namespace":"appUpdate"}]
[3595][1658180999423][main][info]["windowManager: First requester booted successfully."]
[3595][1658180999425][main][info]["windowManager~restoreWindows: Restoring requester windows"]
[3595][1658180999427][main][info]["Main~AppEvents - Received booted event for process requester.Version undefined UI Version: undefined Desktop Platform Version: 9.15.0"]
[3595][1658181010894][main][info]["UpdateHandler~app-update-events - Received event",{"name":"updateElectron","namespace":"appUpdate","data":{"channel":"stable","version":"9.15.0","downloadVersion":"9.25.0","appId":"f2c5e102-146f-410a-957d-5c209b4a3544","userAgent":"Mozilla/5.0 (X11; Linux x86_64) AppleWebKit/537.36 (KHTML, like Gecko) Postman/9.15.0 Chrome/91.0.4472.164 Electron/13.6.9 Safari/537.36","platform":"LINUX","arch":"64","downloadURL":"https://dl.pstmn.io/download/version/9.25.0/linux_64","updateServerDomain":"https://dl.pstmn.io/","additionalParamsString":"installationId=f2c5e102-146f-410a-957d-5c209b4a3544&userId=0&syncEnabled=false&teamPlan=&teamId=0","userId":"0"}}]
[3595][1658181010900][main][info]["LinuxUpdater~downloadUpdate - UpdateInfo received",{"channel":"stable","version":"9.15.0","downloadVersion":"9.25.0","appId":"f2c5e102-146f-410a-957d-5c209b4a3544","userAgent":"Mozilla/5.0 (X11; Linux x86_64) AppleWebKit/537.36 (KHTML, like Gecko) Postman/9.15.0 Chrome/91.0.4472.164 Electron/13.6.9 Safari/537.36","platform":"LINUX","arch":"64","downloadURL":"https://dl.pstmn.io/download/version/9.25.0/linux_64","updateServerDomain":"https://dl.pstmn.io/","additionalParamsString":"installationId=f2c5e102-146f-410a-957d-5c209b4a3544&userId=0&syncEnabled=false&teamPlan=&teamId=0","userId":"0"}]
[3595][1658181012300][main][info]["@postman/app-updater: error",{"errno":-13,"code":"EACCES","syscall":"open","path":"/opt/postman/Postman-1658181010905.tar.gz","name":"Error","message":"EACCES: permission denied, open '/opt/postman/Postman-1658181010905.tar.gz'","stack":"Error: EACCES: permission denied, open '/opt/postman/Postman-1658181010905.tar.gz'"},{"packageName":"Postman","eID":"Postman-1658181010905","downloadURL":"https://dl.pstmn.io/download/version/9.25.0/linux_64","downloadDirectory":"/opt/postman","downloadInfo":{"status":"DOWNLOAD_ERROR","error":{"errno":-13,"code":"EACCES","syscall":"open","path":"/opt/postman/Postman-1658181010905.tar.gz"},"downloadDirectory":"/opt/postman"}}]
[3595][1658181012309][main][info]["UpdateHandler~app-update-events - Received event",{"name":"electronAppUpdateError","namespace":"appUpdate","data":{"error":{"errno":-13,"code":"EACCES","syscall":"open","path":"/opt/postman/Postman-1658181010905.tar.gz","name":"Error","message":"EACCES: permission denied, open '/opt/postman/Postman-1658181010905.tar.gz'","stack":"Error: EACCES: permission denied, open '/opt/postman/Postman-1658181010905.tar.gz'"},"updateData":{"packageName":"Postman","eID":"Postman-1658181010905","downloadURL":"https://dl.pstmn.io/download/version/9.25.0/linux_64","downloadDirectory":"/opt/postman","downloadInfo":{"status":"DOWNLOAD_ERROR","error":{"errno":-13,"code":"EACCES","syscall":"open","path":"/opt/postman/Postman-1658181010905.tar.gz"},"downloadDirectory":"/opt/postman"}}}}]
[3595][1658183448158][main][info]["WindowManager~closeHandler - Closed Window (id: 1 )"]
[3595][1658183448776][main][info]["Quitting app"]
[4242][1658602014904][main][info]["Booting Postman 9.15.0, linux-5.16.13-arch1-1 on x64"]
[4242][1658602014926][main][info]["EventBus~initialize - Success"]
[4242][1658602014953][main][info]["Proxy configuration has not been setup"]
[4242][1658602014956][main][info]["CloudProxyManager~init - Success"]
[4242][1658602014981][main][info]["UpdateHandler~init - Success"]
[4242][1658602020338][main][info]["RuntimeIPCAgent~started: Success"]
[4242][1658602020349][main][info]["LinuxAutoUpdater~Cleanup - Initial cleanup successful"]
[4242][1658602020356][main][info]["LeaderSelection: Initialized successfully"]
[4242][1658602020360][main][info]["VersionDependencyService: Initialized successfully"]
[4242][1658602020514][main][info]["GPU detected VID 32902 DID 3889 ACTIVE true"]
[4242][1658602020711][main][info]["Bootstrap-models~bootstrap - Success"]
[4242][1658602032075][main][info]["UpdateHandler~app-update-events - Received event",{"name":"checkForElectronVersionUpdated","namespace":"appUpdate"}]
[4242][1658602032127][main][info]["windowManager: First requester booted successfully."]
[4242][1658602032131][main][info]["windowManager~restoreWindows: Restoring requester windows"]
[4242][1658602032134][main][info]["Main~AppEvents - Received booted event for process requester.Version undefined UI Version: undefined Desktop Platform Version: 9.15.0"]
[4242][1658602043051][main][info]["UpdateHandler~app-update-events - Received event",{"name":"updateElectron","namespace":"appUpdate","data":{"channel":"stable","version":"9.15.0","downloadVersion":"9.22.2","appId":"f2c5e102-146f-410a-957d-5c209b4a3544","userAgent":"Mozilla/5.0 (X11; Linux x86_64) AppleWebKit/537.36 (KHTML, like Gecko) Postman/9.15.0 Chrome/91.0.4472.164 Electron/13.6.9 Safari/537.36","platform":"LINUX","arch":"64","downloadURL":"https://dl.pstmn.io/download/version/9.22.2/linux_64","updateServerDomain":"https://dl.pstmn.io/","additionalParamsString":"installationId=f2c5e102-146f-410a-957d-5c209b4a3544&userId=0&syncEnabled=false&teamPlan=&teamId=0","userId":"0"}}]
[4242][1658602043052][main][info]["LinuxUpdater~downloadUpdate - UpdateInfo received",{"channel":"stable","version":"9.15.0","downloadVersion":"9.22.2","appId":"f2c5e102-146f-410a-957d-5c209b4a3544","userAgent":"Mozilla/5.0 (X11; Linux x86_64) AppleWebKit/537.36 (KHTML, like Gecko) Postman/9.15.0 Chrome/91.0.4472.164 Electron/13.6.9 Safari/537.36","platform":"LINUX","arch":"64","downloadURL":"https://dl.pstmn.io/download/version/9.22.2/linux_64","updateServerDomain":"https://dl.pstmn.io/","additionalParamsString":"installationId=f2c5e102-146f-410a-957d-5c209b4a3544&userId=0&syncEnabled=false&teamPlan=&teamId=0","userId":"0"}]
[4242][1658602043381][main][info]["@postman/app-updater: error",{"errno":-13,"code":"EACCES","syscall":"open","path":"/opt/postman/Postman-1658602043054.tar.gz","name":"Error","message":"EACCES: permission denied, open '/opt/postman/Postman-1658602043054.tar.gz'","stack":"Error: EACCES: permission denied, open '/opt/postman/Postman-1658602043054.tar.gz'"},{"packageName":"Postman","eID":"Postman-1658602043054","downloadURL":"https://dl.pstmn.io/download/version/9.22.2/linux_64","downloadDirectory":"/opt/postman","downloadInfo":{"status":"DOWNLOAD_ERROR","error":{"errno":-13,"code":"EACCES","syscall":"open","path":"/opt/postman/Postman-1658602043054.tar.gz"},"downloadDirectory":"/opt/postman"}}]
[4242][1658602043384][main][info]["UpdateHandler~app-update-events - Received event",{"name":"electronAppUpdateError","namespace":"appUpdate","data":{"error":{"errno":-13,"code":"EACCES","syscall":"open","path":"/opt/postman/Postman-1658602043054.tar.gz","name":"Error","message":"EACCES: permission denied, open '/opt/postman/Postman-1658602043054.tar.gz'","stack":"Error: EACCES: permission denied, open '/opt/postman/Postman-1658602043054.tar.gz'"},"updateData":{"packageName":"Postman","eID":"Postman-1658602043054","downloadURL":"https://dl.pstmn.io/download/version/9.22.2/linux_64","downloadDirectory":"/opt/postman","downloadInfo":{"status":"DOWNLOAD_ERROR","error":{"errno":-13,"code":"EACCES","syscall":"open","path":"/opt/postman/Postman-1658602043054.tar.gz"},"downloadDirectory":"/opt/postman"}}}}]
[4242][1658615701342][main][info]["WindowManager~closeHandler - Closed Window (id: 1 )"]
[4242][1658615702072][main][info]["Quitting app"]
[13961][1660254105741][main][info]["Booting Postman 9.15.0, linux-5.16.13-arch1-1 on x64"]
[13961][1660254105751][main][info]["EventBus~initialize - Success"]
[13961][1660254105814][main][info]["Proxy configuration has not been setup"]
[13961][1660254105816][main][info]["CloudProxyManager~init - Success"]
[13961][1660254105847][main][info]["UpdateHandler~init - Success"]
[13961][1660254110599][main][info]["RuntimeIPCAgent~started: Success"]
[13961][1660254110617][main][info]["LeaderSelection: Initialized successfully"]
[13961][1660254110621][main][info]["VersionDependencyService: Initialized successfully"]
[13961][1660254110795][main][info]["LinuxAutoUpdater~Cleanup - Initial cleanup successful"]
[13961][1660254110817][main][info]["GPU detected VID 32902 DID 3889 ACTIVE true"]
[13961][1660254111081][main][info]["Bootstrap-models~bootstrap - Success"]
[13961][1660254122719][main][info]["UpdateHandler~app-update-events - Received event",{"name":"checkForElectronVersionUpdated","namespace":"appUpdate"}]
[13961][1660254122822][main][info]["windowManager: First requester booted successfully."]
[13961][1660254122824][main][info]["windowManager~restoreWindows: Restoring requester windows"]
[13961][1660254122825][main][info]["Main~AppEvents - Received booted event for process requester.Version undefined UI Version: undefined Desktop Platform Version: 9.15.0"]
[13961][1660254133312][main][info]["UpdateHandler~app-update-events - Received event",{"name":"updateElectron","namespace":"appUpdate","data":{"channel":"stable","version":"9.15.0","downloadVersion":"9.27.0","appId":"f2c5e102-146f-410a-957d-5c209b4a3544","userAgent":"Mozilla/5.0 (X11; Linux x86_64) AppleWebKit/537.36 (KHTML, like Gecko) Postman/9.15.0 Chrome/91.0.4472.164 Electron/13.6.9 Safari/537.36","platform":"LINUX","arch":"64","downloadURL":"https://dl.pstmn.io/download/version/9.27.0/linux_64","updateServerDomain":"https://dl.pstmn.io/","additionalParamsString":"installationId=f2c5e102-146f-410a-957d-5c209b4a3544&userId=0&syncEnabled=false&teamPlan=&teamId=0","userId":"0"}}]
[13961][1660254133314][main][info]["LinuxUpdater~downloadUpdate - UpdateInfo received",{"channel":"stable","version":"9.15.0","downloadVersion":"9.27.0","appId":"f2c5e102-146f-410a-957d-5c209b4a3544","userAgent":"Mozilla/5.0 (X11; Linux x86_64) AppleWebKit/537.36 (KHTML, like Gecko) Postman/9.15.0 Chrome/91.0.4472.164 Electron/13.6.9 Safari/537.36","platform":"LINUX","arch":"64","downloadURL":"https://dl.pstmn.io/download/version/9.27.0/linux_64","updateServerDomain":"https://dl.pstmn.io/","additionalParamsString":"installationId=f2c5e102-146f-410a-957d-5c209b4a3544&userId=0&syncEnabled=false&teamPlan=&teamId=0","userId":"0"}]
[13961][1660254133642][main][info]["@postman/app-updater: error",{"errno":-13,"code":"EACCES","syscall":"open","path":"/opt/postman/Postman-1660254133315.tar.gz","name":"Error","message":"EACCES: permission denied, open '/opt/postman/Postman-1660254133315.tar.gz'","stack":"Error: EACCES: permission denied, open '/opt/postman/Postman-1660254133315.tar.gz'"},{"packageName":"Postman","eID":"Postman-1660254133315","downloadURL":"https://dl.pstmn.io/download/version/9.27.0/linux_64","downloadDirectory":"/opt/postman","downloadInfo":{"status":"DOWNLOAD_ERROR","error":{"errno":-13,"code":"EACCES","syscall":"open","path":"/opt/postman/Postman-1660254133315.tar.gz"},"downloadDirectory":"/opt/postman"}}]
[13961][1660254133653][main][info]["UpdateHandler~app-update-events - Received event",{"name":"electronAppUpdateError","namespace":"appUpdate","data":{"error":{"errno":-13,"code":"EACCES","syscall":"open","path":"/opt/postman/Postman-1660254133315.tar.gz","name":"Error","message":"EACCES: permission denied, open '/opt/postman/Postman-1660254133315.tar.gz'","stack":"Error: EACCES: permission denied, open '/opt/postman/Postman-1660254133315.tar.gz'"},"updateData":{"packageName":"Postman","eID":"Postman-1660254133315","downloadURL":"https://dl.pstmn.io/download/version/9.27.0/linux_64","downloadDirectory":"/opt/postman","downloadInfo":{"status":"DOWNLOAD_ERROR","error":{"errno":-13,"code":"EACCES","syscall":"open","path":"/opt/postman/Postman-1660254133315.tar.gz"},"downloadDirectory":"/opt/postman"}}}}]
[13961][1660259671020][main][info]["WindowManager~closeHandler - Closed Window (id: 1 )"]
[13961][1660259671148][main][info]["Quitting app"]
[26513][1660267859419][main][info]["Booting Postman 9.15.0, linux-5.16.13-arch1-1 on x64"]
[26513][1660267859442][main][info]["EventBus~initialize - Success"]
[26513][1660267859504][main][info]["Proxy configuration has not been setup"]
[26513][1660267859508][main][info]["CloudProxyManager~init - Success"]
[26513][1660267859546][main][info]["UpdateHandler~init - Success"]
[26513][1660267864467][main][info]["RuntimeIPCAgent~started: Success"]
[26513][1660267864537][main][info]["LinuxAutoUpdater~Cleanup - Initial cleanup successful"]
[26513][1660267864566][main][info]["LeaderSelection: Initialized successfully"]
[26513][1660267864573][main][info]["VersionDependencyService: Initialized successfully"]
[26513][1660267864776][main][info]["GPU detected VID 32902 DID 3889 ACTIVE true"]
[26513][1660267864957][main][info]["Bootstrap-models~bootstrap - Success"]
[26513][1660267877410][main][info]["UpdateHandler~app-update-events - Received event",{"name":"checkForElectronVersionUpdated","namespace":"appUpdate"}]
[26513][1660267877479][main][info]["windowManager: First requester booted successfully."]
[26513][1660267877480][main][info]["windowManager~restoreWindows: Restoring requester windows"]
[26513][1660267877481][main][info]["Main~AppEvents - Received booted event for process requester.Version undefined UI Version: undefined Desktop Platform Version: 9.15.0"]
[26513][1660267882590][main][info]["WindowManager~closeHandler - Closed Window (id: 1 )"]
[26513][1660267882635][main][info]["Quitting app"]
[8614][1660309602086][main][info]["Booting Postman 9.15.0, linux-5.16.13-arch1-1 on x64"]
[8614][1660309602111][main][info]["EventBus~initialize - Success"]
[8614][1660309602138][main][info]["Proxy configuration has not been setup"]
[8614][1660309602141][main][info]["CloudProxyManager~init - Success"]
[8614][1660309602181][main][info]["UpdateHandler~init - Success"]
[8614][1660309608435][main][info]["RuntimeIPCAgent~started: Success"]
[8614][1660309608454][main][info]["LinuxAutoUpdater~Cleanup - Initial cleanup successful"]
[8614][1660309608470][main][info]["LeaderSelection: Initialized successfully"]
[8614][1660309608475][main][info]["VersionDependencyService: Initialized successfully"]
[8614][1660309608637][main][info]["GPU detected VID 32902 DID 3889 ACTIVE true"]
[8614][1660309608850][main][info]["Bootstrap-models~bootstrap - Success"]
[8614][1660309621648][main][info]["UpdateHandler~app-update-events - Received event",{"name":"checkForElectronVersionUpdated","namespace":"appUpdate"}]
[8614][1660309621713][main][info]["windowManager: First requester booted successfully."]
[8614][1660309621715][main][info]["windowManager~restoreWindows: Restoring requester windows"]
[8614][1660309621716][main][info]["Main~AppEvents - Received booted event for process requester.Version undefined UI Version: undefined Desktop Platform Version: 9.15.0"]
[8614][1660309633631][main][info]["UpdateHandler~app-update-events - Received event",{"name":"updateElectron","namespace":"appUpdate","data":{"channel":"stable","version":"9.15.0","downloadVersion":"9.27.0","appId":"f2c5e102-146f-410a-957d-5c209b4a3544","userAgent":"Mozilla/5.0 (X11; Linux x86_64) AppleWebKit/537.36 (KHTML, like Gecko) Postman/9.15.0 Chrome/91.0.4472.164 Electron/13.6.9 Safari/537.36","platform":"LINUX","arch":"64","downloadURL":"https://dl.pstmn.io/download/version/9.27.0/linux_64","updateServerDomain":"https://dl.pstmn.io/","additionalParamsString":"installationId=f2c5e102-146f-410a-957d-5c209b4a3544&userId=0&syncEnabled=false&teamPlan=&teamId=0","userId":"0"}}]
[8614][1660309633638][main][info]["LinuxUpdater~downloadUpdate - UpdateInfo received",{"channel":"stable","version":"9.15.0","downloadVersion":"9.27.0","appId":"f2c5e102-146f-410a-957d-5c209b4a3544","userAgent":"Mozilla/5.0 (X11; Linux x86_64) AppleWebKit/537.36 (KHTML, like Gecko) Postman/9.15.0 Chrome/91.0.4472.164 Electron/13.6.9 Safari/537.36","platform":"LINUX","arch":"64","downloadURL":"https://dl.pstmn.io/download/version/9.27.0/linux_64","updateServerDomain":"https://dl.pstmn.io/","additionalParamsString":"installationId=f2c5e102-146f-410a-957d-5c209b4a3544&userId=0&syncEnabled=false&teamPlan=&teamId=0","userId":"0"}]
[8614][1660309634026][main][info]["@postman/app-updater: error",{"errno":-13,"code":"EACCES","syscall":"open","path":"/opt/postman/Postman-1660309633643.tar.gz","name":"Error","message":"EACCES: permission denied, open '/opt/postman/Postman-1660309633643.tar.gz'","stack":"Error: EACCES: permission denied, open '/opt/postman/Postman-1660309633643.tar.gz'"},{"packageName":"Postman","eID":"Postman-1660309633643","downloadURL":"https://dl.pstmn.io/download/version/9.27.0/linux_64","downloadDirectory":"/opt/postman","downloadInfo":{"status":"DOWNLOAD_ERROR","error":{"errno":-13,"code":"EACCES","syscall":"open","path":"/opt/postman/Postman-1660309633643.tar.gz"},"downloadDirectory":"/opt/postman"}}]
[8614][1660309634037][main][info]["UpdateHandler~app-update-events - Received event",{"name":"electronAppUpdateError","namespace":"appUpdate","data":{"error":{"errno":-13,"code":"EACCES","syscall":"open","path":"/opt/postman/Postman-1660309633643.tar.gz","name":"Error","message":"EACCES: permission denied, open '/opt/postman/Postman-1660309633643.tar.gz'","stack":"Error: EACCES: permission denied, open '/opt/postman/Postman-1660309633643.tar.gz'"},"updateData":{"packageName":"Postman","eID":"Postman-1660309633643","downloadURL":"https://dl.pstmn.io/download/version/9.27.0/linux_64","downloadDirectory":"/opt/postman","downloadInfo":{"status":"DOWNLOAD_ERROR","error":{"errno":-13,"code":"EACCES","syscall":"open","path":"/opt/postman/Postman-1660309633643.tar.gz"},"downloadDirectory":"/opt/postman"}}}}]
[8614][1660350188585][main][info]["WindowManager~closeHandler - Closed Window (id: 1 )"]
[8614][1660350189328][main][info]["Quitting app"]
[4264][1660777044379][main][info]["Booting Postman 9.15.0, linux-5.16.13-arch1-1 on x64"]
[4264][1660777044396][main][info]["EventBus~initialize - Success"]
[4264][1660777044433][main][info]["Proxy configuration has not been setup"]
[4264][1660777044435][main][info]["CloudProxyManager~init - Success"]
[4264][1660777044458][main][info]["UpdateHandler~init - Success"]
[4264][1660777049776][main][info]["RuntimeIPCAgent~started: Success"]
[4264][1660777049807][main][info]["LinuxAutoUpdater~Cleanup - Initial cleanup successful"]
[4264][1660777049831][main][info]["LeaderSelection: Initialized successfully"]
[4264][1660777049837][main][info]["VersionDependencyService: Initialized successfully"]
[4264][1660777049980][main][info]["GPU detected VID 32902 DID 3889 ACTIVE true"]
[4264][1660777050209][main][info]["Bootstrap-models~bootstrap - Success"]
[4264][1660777062728][main][info]["UpdateHandler~app-update-events - Received event",{"name":"checkForElectronVersionUpdated","namespace":"appUpdate"}]
[4264][1660777062792][main][info]["windowManager: First requester booted successfully."]
[4264][1660777062794][main][info]["windowManager~restoreWindows: Restoring requester windows"]
[4264][1660777062796][main][info]["Main~AppEvents - Received booted event for process requester.Version undefined UI Version: undefined Desktop Platform Version: 9.15.0"]
[4264][1660777074137][main][info]["UpdateHandler~app-update-events - Received event",{"name":"updateElectron","namespace":"appUpdate","data":{"channel":"stable","version":"9.15.0","downloadVersion":"9.27.0","appId":"f2c5e102-146f-410a-957d-5c209b4a3544","userAgent":"Mozilla/5.0 (X11; Linux x86_64) AppleWebKit/537.36 (KHTML, like Gecko) Postman/9.15.0 Chrome/91.0.4472.164 Electron/13.6.9 Safari/537.36","platform":"LINUX","arch":"64","downloadURL":"https://dl.pstmn.io/download/version/9.27.0/linux_64","updateServerDomain":"https://dl.pstmn.io/","additionalParamsString":"installationId=f2c5e102-146f-410a-957d-5c209b4a3544&userId=0&syncEnabled=false&teamPlan=&teamId=0","userId":"0"}}]
[4264][1660777074143][main][info]["LinuxUpdater~downloadUpdate - UpdateInfo received",{"channel":"stable","version":"9.15.0","downloadVersion":"9.27.0","appId":"f2c5e102-146f-410a-957d-5c209b4a3544","userAgent":"Mozilla/5.0 (X11; Linux x86_64) AppleWebKit/537.36 (KHTML, like Gecko) Postman/9.15.0 Chrome/91.0.4472.164 Electron/13.6.9 Safari/537.36","platform":"LINUX","arch":"64","downloadURL":"https://dl.pstmn.io/download/version/9.27.0/linux_64","updateServerDomain":"https://dl.pstmn.io/","additionalParamsString":"installationId=f2c5e102-146f-410a-957d-5c209b4a3544&userId=0&syncEnabled=false&teamPlan=&teamId=0","userId":"0"}]
[4264][1660777074633][main][info]["@postman/app-updater: error",{"errno":-13,"code":"EACCES","syscall":"open","path":"/opt/postman/Postman-1660777074148.tar.gz","name":"Error","message":"EACCES: permission denied, open '/opt/postman/Postman-1660777074148.tar.gz'","stack":"Error: EACCES: permission denied, open '/opt/postman/Postman-1660777074148.tar.gz'"},{"packageName":"Postman","eID":"Postman-1660777074148","downloadURL":"https://dl.pstmn.io/download/version/9.27.0/linux_64","downloadDirectory":"/opt/postman","downloadInfo":{"status":"DOWNLOAD_ERROR","error":{"errno":-13,"code":"EACCES","syscall":"open","path":"/opt/postman/Postman-1660777074148.tar.gz"},"downloadDirectory":"/opt/postman"}}]
[4264][1660777074644][main][info]["UpdateHandler~app-update-events - Received event",{"name":"electronAppUpdateError","namespace":"appUpdate","data":{"error":{"errno":-13,"code":"EACCES","syscall":"open","path":"/opt/postman/Postman-1660777074148.tar.gz","name":"Error","message":"EACCES: permission denied, open '/opt/postman/Postman-1660777074148.tar.gz'","stack":"Error: EACCES: permission denied, open '/opt/postman/Postman-1660777074148.tar.gz'"},"updateData":{"packageName":"Postman","eID":"Postman-1660777074148","downloadURL":"https://dl.pstmn.io/download/version/9.27.0/linux_64","downloadDirectory":"/opt/postman","downloadInfo":{"status":"DOWNLOAD_ERROR","error":{"errno":-13,"code":"EACCES","syscall":"open","path":"/opt/postman/Postman-1660777074148.tar.gz"},"downloadDirectory":"/opt/postman"}}}}]
[4264][1660779206267][main][info]["WindowManager~closeHandler - Closed Window (id: 1 )"]
[4264][1660779207851][main][info]["Quitting app"]
