[6536][1647449577831][shell][info]["EventBus~initialize - Success"]
[6536][1647449577858][shell][info]["bootShellCrashReporter~ Success"]
[6536][1647449577896][shell][info]["shellController~init: Success"]
[6536][1647449577897][shell][info]["shellMeta~init: Success"]
[6536][1647449577898][shell][info]["partitionMigrationService: State of V7 partition:"]
[6536][1647449577899][shell][info]["partitionMigrationService: V7 partitions",[]]
[6536][1647449577899][shell][info]["partitionMigrationService: V7 lastActiveUser",null]
[6536][1647449577900][shell][info]["partitionMigrationService: V7 activePartition",null]
[6536][1647449577900][shell][info]["partitionMigrationService: V7 isPartitionDirty",null]
[6536][1647449577902][shell][info]["partitionMigrationService~rectifyNamespaceOfScratchPadPartition: There is no partition with scratchpad namespace"]
[6536][1647449577903][shell][info]["partitionMigrationService~rectifyNamespaceOfScratchPadPartition: There is no transit partition which could have been used for scratchpad"]
[6536][1647449577904][shell][info]["partitionMigrationService~init: Success"]
[6536][1647449577905][shell][info]["partitionMigrationService~runV8PartitionsIntegrity: Two way migration~ removing the following partitions from v8",[]]
[6536][1647449577907][shell][info]["userPartitionService~_rectifyTheActivePartitionOfApplication: Setting the active partition to ",null]
[6536][1647449577909][shell][info]["userPartitionService~init: Success"]
[6536][1647449577910][shell][info]["userPartitionService: State of v8 partition system:"]
[6536][1647449577910][shell][info]["userPartitionService: List of partitions:",[]]
[6536][1647449577911][shell][info]["userPartitionService: users global meta:",{"activePartition":null}]
[6536][1647449577916][shell][info]["shell~init~getPartitionToLoad: loading scratchpad partition"]
[6536][1647449577924][shell][info]["init~setViewAttributes - Initializing view with opts:"]
[6536][1647449577925][shell][info]["Shell~init~setViewAttributes: passing scratchpad partition id as ","f232a443-1d0e-4052-a6a8-4fba4c2814d2"]
[6536][1647449577925][shell][info]["Shell~init~setViewAttributes: do we have any logged in users? ",false]
[6536][1647449577928][shell][info]["init~setViewAttributes - Success"]
[6536][1647449589111][shell][info]["Shell~init~sendUsersDataToRenderer",[]]
[6536][1647449589289][shell][info]["Shell~init~sendUsersDataToRenderer",[]]
[6536][1647451452135][shell][info]["EventBus~initialize - Success"]
[6536][1647451452163][shell][info]["bootShellCrashReporter~ Success"]
[6536][1647451452202][shell][info]["shellController~init: Success"]
[6536][1647451452203][shell][info]["shellMeta~init: Success"]
[6536][1647451452204][shell][info]["partitionMigrationService: State of V7 partition:"]
[6536][1647451452204][shell][info]["partitionMigrationService: V7 partitions",[]]
[6536][1647451452205][shell][info]["partitionMigrationService: V7 lastActiveUser",null]
[6536][1647451452205][shell][info]["partitionMigrationService: V7 activePartition",null]
[6536][1647451452206][shell][info]["partitionMigrationService: V7 isPartitionDirty",null]
[6536][1647451452208][shell][info]["partitionMigrationService~init: Success"]
[6536][1647451452209][shell][info]["partitionMigrationService~runV8PartitionsIntegrity: Two way migration~ removing the following partitions from v8",[]]
[6536][1647451452210][shell][info]["userPartitionService~_rectifyTheActivePartitionOfApplication: Setting the active partition to ",null]
[6536][1647451452212][shell][info]["userPartitionService~init: Success"]
[6536][1647451452213][shell][info]["userPartitionService: State of v8 partition system:"]
[6536][1647451452214][shell][info]["userPartitionService: List of partitions:",[{"partitionId":"f232a443-1d0e-4052-a6a8-4fba4c2814d2","namespace":"scratchPad","userId":0,"teamId":0,"isDirty":false}]]
[6536][1647451452215][shell][info]["userPartitionService: users global meta:",{"activePartition":null}]
[6536][1647451452216][shell][info]["shell~init~getPartitionToLoad: loading scratchpad partition"]
[6536][1647451452220][shell][info]["init~setViewAttributes - Initializing view with opts:"]
[6536][1647451452222][shell][info]["Shell~init~setViewAttributes: passing scratchpad partition id as ","f232a443-1d0e-4052-a6a8-4fba4c2814d2"]
[6536][1647451452224][shell][info]["Shell~init~setViewAttributes: do we have any logged in users? ",false]
[6536][1647451452229][shell][info]["init~setViewAttributes - Success"]
[6536][1647451459016][shell][info]["Shell~init~sendUsersDataToRenderer",[]]
[6536][1647451459149][shell][info]["Shell~init~sendUsersDataToRenderer",[]]
[6536][1647451542955][shell][info]["EventBus~initialize - Success"]
[6536][1647451542978][shell][info]["bootShellCrashReporter~ Success"]
[6536][1647451543012][shell][info]["shellController~init: Success"]
[6536][1647451543013][shell][info]["shellMeta~init: Success"]
[6536][1647451543014][shell][info]["partitionMigrationService: State of V7 partition:"]
[6536][1647451543015][shell][info]["partitionMigrationService: V7 partitions",[]]
[6536][1647451543015][shell][info]["partitionMigrationService: V7 lastActiveUser",null]
[6536][1647451543016][shell][info]["partitionMigrationService: V7 activePartition",null]
[6536][1647451543016][shell][info]["partitionMigrationService: V7 isPartitionDirty",null]
[6536][1647451543018][shell][info]["partitionMigrationService~init: Success"]
[6536][1647451543019][shell][info]["partitionMigrationService~runV8PartitionsIntegrity: Two way migration~ removing the following partitions from v8",[]]
[6536][1647451543021][shell][info]["userPartitionService~_rectifyTheActivePartitionOfApplication: Setting the active partition to ",null]
[6536][1647451543022][shell][info]["userPartitionService~init: Success"]
[6536][1647451543023][shell][info]["userPartitionService: State of v8 partition system:"]
[6536][1647451543024][shell][info]["userPartitionService: List of partitions:",[{"partitionId":"f232a443-1d0e-4052-a6a8-4fba4c2814d2","namespace":"scratchPad","userId":0,"teamId":0,"isDirty":false}]]
[6536][1647451543025][shell][info]["userPartitionService: users global meta:",{"activePartition":null}]
[6536][1647451543026][shell][info]["shell~init~getPartitionToLoad: loading scratchpad partition"]
[6536][1647451543029][shell][info]["init~setViewAttributes - Initializing view with opts:"]
[6536][1647451543031][shell][info]["Shell~init~setViewAttributes: passing scratchpad partition id as ","f232a443-1d0e-4052-a6a8-4fba4c2814d2"]
[6536][1647451543032][shell][info]["Shell~init~setViewAttributes: do we have any logged in users? ",false]
[6536][1647451543036][shell][info]["init~setViewAttributes - Success"]
[6536][1647451549047][shell][info]["Shell~init~sendUsersDataToRenderer",[]]
[6536][1647451549179][shell][info]["Shell~init~sendUsersDataToRenderer",[]]
[7383][1647451570165][shell][info]["EventBus~initialize - Success"]
[7383][1647451570189][shell][info]["bootShellCrashReporter~ Success"]
[7383][1647451570225][shell][info]["shellController~init: Success"]
[7383][1647451570226][shell][info]["shellMeta~init: Success"]
[7383][1647451570226][shell][info]["partitionMigrationService: State of V7 partition:"]
[7383][1647451570227][shell][info]["partitionMigrationService: V7 partitions",[]]
[7383][1647451570228][shell][info]["partitionMigrationService: V7 lastActiveUser",null]
[7383][1647451570228][shell][info]["partitionMigrationService: V7 activePartition",null]
[7383][1647451570229][shell][info]["partitionMigrationService: V7 isPartitionDirty",null]
[7383][1647451570231][shell][info]["partitionMigrationService~init: Success"]
[7383][1647451570232][shell][info]["partitionMigrationService~runV8PartitionsIntegrity: Two way migration~ removing the following partitions from v8",[]]
[7383][1647451570233][shell][info]["userPartitionService~_rectifyTheActivePartitionOfApplication: Setting the active partition to ",null]
[7383][1647451570235][shell][info]["userPartitionService~init: Success"]
[7383][1647451570236][shell][info]["userPartitionService: State of v8 partition system:"]
[7383][1647451570237][shell][info]["userPartitionService: List of partitions:",[{"partitionId":"f232a443-1d0e-4052-a6a8-4fba4c2814d2","namespace":"scratchPad","userId":0,"teamId":0,"isDirty":false}]]
[7383][1647451570237][shell][info]["userPartitionService: users global meta:",{"activePartition":null}]
[7383][1647451570238][shell][info]["shell~init~getPartitionToLoad: loading scratchpad partition"]
[7383][1647451570242][shell][info]["init~setViewAttributes - Initializing view with opts:"]
[7383][1647451570243][shell][info]["Shell~init~setViewAttributes: passing scratchpad partition id as ","f232a443-1d0e-4052-a6a8-4fba4c2814d2"]
[7383][1647451570245][shell][info]["Shell~init~setViewAttributes: do we have any logged in users? ",false]
[7383][1647451570248][shell][info]["init~setViewAttributes - Success"]
[7383][1647451576775][shell][info]["Shell~init~sendUsersDataToRenderer",[]]
[7383][1647451576905][shell][info]["Shell~init~sendUsersDataToRenderer",[]]
[7383][1647451634450][shell][info]["EventBus~initialize - Success"]
[7383][1647451634490][shell][info]["bootShellCrashReporter~ Success"]
[7383][1647451634537][shell][info]["shellController~init: Success"]
[7383][1647451634538][shell][info]["shellMeta~init: Success"]
[7383][1647451634539][shell][info]["partitionMigrationService: State of V7 partition:"]
[7383][1647451634540][shell][info]["partitionMigrationService: V7 partitions",[]]
[7383][1647451634541][shell][info]["partitionMigrationService: V7 lastActiveUser",null]
[7383][1647451634541][shell][info]["partitionMigrationService: V7 activePartition",null]
[7383][1647451634542][shell][info]["partitionMigrationService: V7 isPartitionDirty",null]
[7383][1647451634544][shell][info]["partitionMigrationService~init: Success"]
[7383][1647451634545][shell][info]["partitionMigrationService~runV8PartitionsIntegrity: Two way migration~ removing the following partitions from v8",[]]
[7383][1647451634547][shell][info]["userPartitionService~_rectifyTheActivePartitionOfApplication: Setting the active partition to ",null]
[7383][1647451634549][shell][info]["userPartitionService~init: Success"]
[7383][1647451634550][shell][info]["userPartitionService: State of v8 partition system:"]
[7383][1647451634551][shell][info]["userPartitionService: List of partitions:",[{"partitionId":"f232a443-1d0e-4052-a6a8-4fba4c2814d2","namespace":"scratchPad","userId":0,"teamId":0,"isDirty":false}]]
[7383][1647451634552][shell][info]["userPartitionService: users global meta:",{"activePartition":null}]
[7383][1647451634553][shell][info]["shell~init~getPartitionToLoad: loading scratchpad partition"]
[7383][1647451634558][shell][info]["init~setViewAttributes - Initializing view with opts:"]
[7383][1647451634559][shell][info]["Shell~init~setViewAttributes: passing scratchpad partition id as ","f232a443-1d0e-4052-a6a8-4fba4c2814d2"]
[7383][1647451634565][shell][info]["Shell~init~setViewAttributes: do we have any logged in users? ",false]
[7383][1647451634569][shell][info]["init~setViewAttributes - Success"]
[7383][1647451643255][shell][info]["Shell~init~sendUsersDataToRenderer",[]]
[7383][1647451643558][shell][info]["Shell~init~sendUsersDataToRenderer",[]]
[1243][1647469549110][shell][info]["EventBus~initialize - Success"]
[1243][1647469549182][shell][info]["bootShellCrashReporter~ Success"]
[1243][1647469549229][shell][info]["shellController~init: Success"]
[1243][1647469549230][shell][info]["shellMeta~init: Success"]
[1243][1647469549231][shell][info]["partitionMigrationService: State of V7 partition:"]
[1243][1647469549233][shell][info]["partitionMigrationService: V7 partitions",[]]
[1243][1647469549233][shell][info]["partitionMigrationService: V7 lastActiveUser",null]
[1243][1647469549235][shell][info]["partitionMigrationService: V7 activePartition",null]
[1243][1647469549235][shell][info]["partitionMigrationService: V7 isPartitionDirty",null]
[1243][1647469549238][shell][info]["partitionMigrationService~init: Success"]
[1243][1647469549239][shell][info]["partitionMigrationService~runV8PartitionsIntegrity: Two way migration~ removing the following partitions from v8",[]]
[1243][1647469549244][shell][info]["userPartitionService~_rectifyTheActivePartitionOfApplication: Setting the active partition to ",null]
[1243][1647469549247][shell][info]["userPartitionService~init: Success"]
[1243][1647469549248][shell][info]["userPartitionService: State of v8 partition system:"]
[1243][1647469549249][shell][info]["userPartitionService: List of partitions:",[{"partitionId":"f232a443-1d0e-4052-a6a8-4fba4c2814d2","namespace":"scratchPad","userId":0,"teamId":0,"isDirty":false}]]
[1243][1647469549250][shell][info]["userPartitionService: users global meta:",{"activePartition":null}]
[1243][1647469549251][shell][info]["shell~init~getPartitionToLoad: loading scratchpad partition"]
[1243][1647469549258][shell][info]["init~setViewAttributes - Initializing view with opts:"]
[1243][1647469549260][shell][info]["Shell~init~setViewAttributes: passing scratchpad partition id as ","f232a443-1d0e-4052-a6a8-4fba4c2814d2"]
[1243][1647469549267][shell][info]["Shell~init~setViewAttributes: do we have any logged in users? ",false]
[1243][1647469549273][shell][info]["init~setViewAttributes - Success"]
[1243][1647469556425][shell][info]["Shell~init~sendUsersDataToRenderer",[]]
[1243][1647469556619][shell][info]["Shell~init~sendUsersDataToRenderer",[]]
[746][1647471841041][shell][info]["EventBus~initialize - Success"]
[746][1647471841139][shell][info]["bootShellCrashReporter~ Success"]
[746][1647471841210][shell][info]["shellController~init: Success"]
[746][1647471841212][shell][info]["shellMeta~init: Success"]
[746][1647471841213][shell][info]["partitionMigrationService: State of V7 partition:"]
[746][1647471841214][shell][info]["partitionMigrationService: V7 partitions",[]]
[746][1647471841216][shell][info]["partitionMigrationService: V7 lastActiveUser",null]
[746][1647471841216][shell][info]["partitionMigrationService: V7 activePartition",null]
[746][1647471841217][shell][info]["partitionMigrationService: V7 isPartitionDirty",null]
[746][1647471841220][shell][info]["partitionMigrationService~init: Success"]
[746][1647471841222][shell][info]["partitionMigrationService~runV8PartitionsIntegrity: Two way migration~ removing the following partitions from v8",[]]
[746][1647471841224][shell][info]["userPartitionService~_rectifyTheActivePartitionOfApplication: Setting the active partition to ",null]
[746][1647471841226][shell][info]["userPartitionService~init: Success"]
[746][1647471841227][shell][info]["userPartitionService: State of v8 partition system:"]
[746][1647471841228][shell][info]["userPartitionService: List of partitions:",[{"partitionId":"f232a443-1d0e-4052-a6a8-4fba4c2814d2","namespace":"scratchPad","userId":0,"teamId":0,"isDirty":false}]]
[746][1647471841229][shell][info]["userPartitionService: users global meta:",{"activePartition":null}]
[746][1647471841230][shell][info]["shell~init~getPartitionToLoad: loading scratchpad partition"]
[746][1647471841235][shell][info]["init~setViewAttributes - Initializing view with opts:"]
[746][1647471841237][shell][info]["Shell~init~setViewAttributes: passing scratchpad partition id as ","f232a443-1d0e-4052-a6a8-4fba4c2814d2"]
[746][1647471841239][shell][info]["Shell~init~setViewAttributes: do we have any logged in users? ",false]
[746][1647471841243][shell][info]["init~setViewAttributes - Success"]
[746][1647471848819][shell][info]["Shell~init~sendUsersDataToRenderer",[]]
[746][1647471848984][shell][info]["Shell~init~sendUsersDataToRenderer",[]]
[1846][1647707165624][shell][info]["EventBus~initialize - Success"]
[1846][1647707165694][shell][info]["bootShellCrashReporter~ Success"]
[1846][1647707165736][shell][info]["shellController~init: Success"]
[1846][1647707165737][shell][info]["shellMeta~init: Success"]
[1846][1647707165738][shell][info]["partitionMigrationService: State of V7 partition:"]
[1846][1647707165738][shell][info]["partitionMigrationService: V7 partitions",[]]
[1846][1647707165739][shell][info]["partitionMigrationService: V7 lastActiveUser",null]
[1846][1647707165739][shell][info]["partitionMigrationService: V7 activePartition",null]
[1846][1647707165740][shell][info]["partitionMigrationService: V7 isPartitionDirty",null]
[1846][1647707165742][shell][info]["partitionMigrationService~init: Success"]
[1846][1647707165743][shell][info]["partitionMigrationService~runV8PartitionsIntegrity: Two way migration~ removing the following partitions from v8",[]]
[1846][1647707165744][shell][info]["userPartitionService~_rectifyTheActivePartitionOfApplication: Setting the active partition to ",null]
[1846][1647707165745][shell][info]["userPartitionService~init: Success"]
[1846][1647707165747][shell][info]["userPartitionService: State of v8 partition system:"]
[1846][1647707165748][shell][info]["userPartitionService: List of partitions:",[{"partitionId":"f232a443-1d0e-4052-a6a8-4fba4c2814d2","namespace":"scratchPad","userId":0,"teamId":0,"isDirty":false}]]
[1846][1647707165748][shell][info]["userPartitionService: users global meta:",{"activePartition":null}]
[1846][1647707165749][shell][info]["shell~init~getPartitionToLoad: loading scratchpad partition"]
[1846][1647707165753][shell][info]["init~setViewAttributes - Initializing view with opts:"]
[1846][1647707165754][shell][info]["Shell~init~setViewAttributes: passing scratchpad partition id as ","f232a443-1d0e-4052-a6a8-4fba4c2814d2"]
[1846][1647707165756][shell][info]["Shell~init~setViewAttributes: do we have any logged in users? ",false]
[1846][1647707165759][shell][info]["init~setViewAttributes - Success"]
[1846][1647707173322][shell][info]["Shell~init~sendUsersDataToRenderer",[]]
[1846][1647707173473][shell][info]["Shell~init~sendUsersDataToRenderer",[]]
[1117][1647863541227][shell][info]["EventBus~initialize - Success"]
[1117][1647863541375][shell][info]["bootShellCrashReporter~ Success"]
[1117][1647863541521][shell][info]["shellController~init: Success"]
[1117][1647863541526][shell][info]["shellMeta~init: Success"]
[1117][1647863541530][shell][info]["partitionMigrationService: State of V7 partition:"]
[1117][1647863541533][shell][info]["partitionMigrationService: V7 partitions",[]]
[1117][1647863541537][shell][info]["partitionMigrationService: V7 lastActiveUser",null]
[1117][1647863541539][shell][info]["partitionMigrationService: V7 activePartition",null]
[1117][1647863541542][shell][info]["partitionMigrationService: V7 isPartitionDirty",null]
[1117][1647863541550][shell][info]["partitionMigrationService~init: Success"]
[1117][1647863541554][shell][info]["partitionMigrationService~runV8PartitionsIntegrity: Two way migration~ removing the following partitions from v8",[]]
[1117][1647863541561][shell][info]["userPartitionService~_rectifyTheActivePartitionOfApplication: Setting the active partition to ",null]
[1117][1647863541567][shell][info]["userPartitionService~init: Success"]
[1117][1647863541571][shell][info]["userPartitionService: State of v8 partition system:"]
[1117][1647863541575][shell][info]["userPartitionService: List of partitions:",[{"partitionId":"f232a443-1d0e-4052-a6a8-4fba4c2814d2","namespace":"scratchPad","userId":0,"teamId":0,"isDirty":false}]]
[1117][1647863541579][shell][info]["userPartitionService: users global meta:",{"activePartition":null}]
[1117][1647863541582][shell][info]["shell~init~getPartitionToLoad: loading scratchpad partition"]
[1117][1647863541599][shell][info]["init~setViewAttributes - Initializing view with opts:"]
[1117][1647863541604][shell][info]["Shell~init~setViewAttributes: passing scratchpad partition id as ","f232a443-1d0e-4052-a6a8-4fba4c2814d2"]
[1117][1647863541611][shell][info]["Shell~init~setViewAttributes: do we have any logged in users? ",false]
[1117][1647863541623][shell][info]["init~setViewAttributes - Success"]
[1117][1647863566314][shell][info]["Shell~init~sendUsersDataToRenderer",[]]
[1117][1647863566847][shell][info]["Shell~init~sendUsersDataToRenderer",[]]
[14423][1647879069339][shell][info]["EventBus~initialize - Success"]
[14423][1647879069366][shell][info]["bootShellCrashReporter~ Success"]
[14423][1647879069402][shell][info]["shellController~init: Success"]
[14423][1647879069403][shell][info]["shellMeta~init: Success"]
[14423][1647879069404][shell][info]["partitionMigrationService: State of V7 partition:"]
[14423][1647879069405][shell][info]["partitionMigrationService: V7 partitions",[]]
[14423][1647879069405][shell][info]["partitionMigrationService: V7 lastActiveUser",null]
[14423][1647879069406][shell][info]["partitionMigrationService: V7 activePartition",null]
[14423][1647879069407][shell][info]["partitionMigrationService: V7 isPartitionDirty",null]
[14423][1647879069408][shell][info]["partitionMigrationService~init: Success"]
[14423][1647879069409][shell][info]["partitionMigrationService~runV8PartitionsIntegrity: Two way migration~ removing the following partitions from v8",[]]
[14423][1647879069411][shell][info]["userPartitionService~_rectifyTheActivePartitionOfApplication: Setting the active partition to ",null]
[14423][1647879069412][shell][info]["userPartitionService~init: Success"]
[14423][1647879069413][shell][info]["userPartitionService: State of v8 partition system:"]
[14423][1647879069414][shell][info]["userPartitionService: List of partitions:",[{"partitionId":"f232a443-1d0e-4052-a6a8-4fba4c2814d2","namespace":"scratchPad","userId":0,"teamId":0,"isDirty":false}]]
[14423][1647879069415][shell][info]["userPartitionService: users global meta:",{"activePartition":null}]
[14423][1647879069415][shell][info]["shell~init~getPartitionToLoad: loading scratchpad partition"]
[14423][1647879069419][shell][info]["init~setViewAttributes - Initializing view with opts:"]
[14423][1647879069422][shell][info]["Shell~init~setViewAttributes: passing scratchpad partition id as ","f232a443-1d0e-4052-a6a8-4fba4c2814d2"]
[14423][1647879069423][shell][info]["Shell~init~setViewAttributes: do we have any logged in users? ",false]
[14423][1647879069426][shell][info]["init~setViewAttributes - Success"]
[14423][1647879076370][shell][info]["Shell~init~sendUsersDataToRenderer",[]]
[14423][1647879076536][shell][info]["Shell~init~sendUsersDataToRenderer",[]]
[2273][1647961558694][shell][info]["EventBus~initialize - Success"]
[2273][1647961558772][shell][info]["bootShellCrashReporter~ Success"]
[2273][1647961558833][shell][info]["shellController~init: Success"]
[2273][1647961558835][shell][info]["shellMeta~init: Success"]
[2273][1647961558836][shell][info]["partitionMigrationService: State of V7 partition:"]
[2273][1647961558837][shell][info]["partitionMigrationService: V7 partitions",[]]
[2273][1647961558838][shell][info]["partitionMigrationService: V7 lastActiveUser",null]
[2273][1647961558839][shell][info]["partitionMigrationService: V7 activePartition",null]
[2273][1647961558840][shell][info]["partitionMigrationService: V7 isPartitionDirty",null]
[2273][1647961558842][shell][info]["partitionMigrationService~init: Success"]
[2273][1647961558844][shell][info]["partitionMigrationService~runV8PartitionsIntegrity: Two way migration~ removing the following partitions from v8",[]]
[2273][1647961558846][shell][info]["userPartitionService~_rectifyTheActivePartitionOfApplication: Setting the active partition to ",null]
[2273][1647961558847][shell][info]["userPartitionService~init: Success"]
[2273][1647961558849][shell][info]["userPartitionService: State of v8 partition system:"]
[2273][1647961558850][shell][info]["userPartitionService: List of partitions:",[{"partitionId":"f232a443-1d0e-4052-a6a8-4fba4c2814d2","namespace":"scratchPad","userId":0,"teamId":0,"isDirty":false}]]
[2273][1647961558851][shell][info]["userPartitionService: users global meta:",{"activePartition":null}]
[2273][1647961558851][shell][info]["shell~init~getPartitionToLoad: loading scratchpad partition"]
[2273][1647961558856][shell][info]["init~setViewAttributes - Initializing view with opts:"]
[2273][1647961558857][shell][info]["Shell~init~setViewAttributes: passing scratchpad partition id as ","f232a443-1d0e-4052-a6a8-4fba4c2814d2"]
[2273][1647961558860][shell][info]["Shell~init~setViewAttributes: do we have any logged in users? ",false]
[2273][1647961558863][shell][info]["init~setViewAttributes - Success"]
[2273][1647961566579][shell][info]["Shell~init~sendUsersDataToRenderer",[]]
[2273][1647961566751][shell][info]["Shell~init~sendUsersDataToRenderer",[]]
[9367][1647968030056][shell][info]["EventBus~initialize - Success"]
[9367][1647968030083][shell][info]["bootShellCrashReporter~ Success"]
[9367][1647968030118][shell][info]["shellController~init: Success"]
[9367][1647968030119][shell][info]["shellMeta~init: Success"]
[9367][1647968030120][shell][info]["partitionMigrationService: State of V7 partition:"]
[9367][1647968030121][shell][info]["partitionMigrationService: V7 partitions",[]]
[9367][1647968030121][shell][info]["partitionMigrationService: V7 lastActiveUser",null]
[9367][1647968030122][shell][info]["partitionMigrationService: V7 activePartition",null]
[9367][1647968030122][shell][info]["partitionMigrationService: V7 isPartitionDirty",null]
[9367][1647968030124][shell][info]["partitionMigrationService~init: Success"]
[9367][1647968030125][shell][info]["partitionMigrationService~runV8PartitionsIntegrity: Two way migration~ removing the following partitions from v8",[]]
[9367][1647968030127][shell][info]["userPartitionService~_rectifyTheActivePartitionOfApplication: Setting the active partition to ",null]
[9367][1647968030128][shell][info]["userPartitionService~init: Success"]
[9367][1647968030129][shell][info]["userPartitionService: State of v8 partition system:"]
[9367][1647968030130][shell][info]["userPartitionService: List of partitions:",[{"partitionId":"f232a443-1d0e-4052-a6a8-4fba4c2814d2","namespace":"scratchPad","userId":0,"teamId":0,"isDirty":false}]]
[9367][1647968030131][shell][info]["userPartitionService: users global meta:",{"activePartition":null}]
[9367][1647968030131][shell][info]["shell~init~getPartitionToLoad: loading scratchpad partition"]
[9367][1647968030135][shell][info]["init~setViewAttributes - Initializing view with opts:"]
[9367][1647968030136][shell][info]["Shell~init~setViewAttributes: passing scratchpad partition id as ","f232a443-1d0e-4052-a6a8-4fba4c2814d2"]
[9367][1647968030138][shell][info]["Shell~init~setViewAttributes: do we have any logged in users? ",false]
[9367][1647968030141][shell][info]["init~setViewAttributes - Success"]
[9367][1647968038364][shell][info]["Shell~init~sendUsersDataToRenderer",[]]
[9367][1647968038536][shell][info]["Shell~init~sendUsersDataToRenderer",[]]
[28563][1647987379933][shell][info]["EventBus~initialize - Success"]
[28563][1647987380017][shell][info]["bootShellCrashReporter~ Success"]
[28563][1647987380126][shell][info]["shellController~init: Success"]
[28563][1647987380128][shell][info]["shellMeta~init: Success"]
[28563][1647987380130][shell][info]["partitionMigrationService: State of V7 partition:"]
[28563][1647987380131][shell][info]["partitionMigrationService: V7 partitions",[]]
[28563][1647987380132][shell][info]["partitionMigrationService: V7 lastActiveUser",null]
[28563][1647987380133][shell][info]["partitionMigrationService: V7 activePartition",null]
[28563][1647987380134][shell][info]["partitionMigrationService: V7 isPartitionDirty",null]
[28563][1647987380137][shell][info]["partitionMigrationService~init: Success"]
[28563][1647987380138][shell][info]["partitionMigrationService~runV8PartitionsIntegrity: Two way migration~ removing the following partitions from v8",[]]
[28563][1647987380141][shell][info]["userPartitionService~_rectifyTheActivePartitionOfApplication: Setting the active partition to ",null]
[28563][1647987380143][shell][info]["userPartitionService~init: Success"]
[28563][1647987380144][shell][info]["userPartitionService: State of v8 partition system:"]
[28563][1647987380145][shell][info]["userPartitionService: List of partitions:",[{"partitionId":"f232a443-1d0e-4052-a6a8-4fba4c2814d2","namespace":"scratchPad","userId":0,"teamId":0,"isDirty":false}]]
[28563][1647987380146][shell][info]["userPartitionService: users global meta:",{"activePartition":null}]
[28563][1647987380147][shell][info]["shell~init~getPartitionToLoad: loading scratchpad partition"]
[28563][1647987380153][shell][info]["init~setViewAttributes - Initializing view with opts:"]
[28563][1647987380156][shell][info]["Shell~init~setViewAttributes: passing scratchpad partition id as ","f232a443-1d0e-4052-a6a8-4fba4c2814d2"]
[28563][1647987380156][shell][info]["Shell~init~setViewAttributes: do we have any logged in users? ",false]
[28563][1647987380160][shell][info]["init~setViewAttributes - Success"]
[28563][1647987387938][shell][info]["Shell~init~sendUsersDataToRenderer",[]]
[28563][1647987388130][shell][info]["Shell~init~sendUsersDataToRenderer",[]]
[3898][1648158643489][shell][info]["EventBus~initialize - Success"]
[3898][1648158643632][shell][info]["bootShellCrashReporter~ Success"]
[3898][1648158643783][shell][info]["shellController~init: Success"]
[3898][1648158643787][shell][info]["shellMeta~init: Success"]
[3898][1648158643791][shell][info]["partitionMigrationService: State of V7 partition:"]
[3898][1648158643795][shell][info]["partitionMigrationService: V7 partitions",[]]
[3898][1648158643798][shell][info]["partitionMigrationService: V7 lastActiveUser",null]
[3898][1648158643801][shell][info]["partitionMigrationService: V7 activePartition",null]
[3898][1648158643803][shell][info]["partitionMigrationService: V7 isPartitionDirty",null]
[3898][1648158643811][shell][info]["partitionMigrationService~init: Success"]
[3898][1648158643816][shell][info]["partitionMigrationService~runV8PartitionsIntegrity: Two way migration~ removing the following partitions from v8",[]]
[3898][1648158643823][shell][info]["userPartitionService~_rectifyTheActivePartitionOfApplication: Setting the active partition to ",null]
[3898][1648158643828][shell][info]["userPartitionService~init: Success"]
[3898][1648158643833][shell][info]["userPartitionService: State of v8 partition system:"]
[3898][1648158643836][shell][info]["userPartitionService: List of partitions:",[{"partitionId":"f232a443-1d0e-4052-a6a8-4fba4c2814d2","namespace":"scratchPad","userId":0,"teamId":0,"isDirty":false}]]
[3898][1648158643840][shell][info]["userPartitionService: users global meta:",{"activePartition":null}]
[3898][1648158643843][shell][info]["shell~init~getPartitionToLoad: loading scratchpad partition"]
[3898][1648158643860][shell][info]["init~setViewAttributes - Initializing view with opts:"]
[3898][1648158643865][shell][info]["Shell~init~setViewAttributes: passing scratchpad partition id as ","f232a443-1d0e-4052-a6a8-4fba4c2814d2"]
[3898][1648158643872][shell][info]["Shell~init~setViewAttributes: do we have any logged in users? ",false]
[3898][1648158643885][shell][info]["init~setViewAttributes - Success"]
[3898][1648158669268][shell][info]["Shell~init~sendUsersDataToRenderer",[]]
[3898][1648158669731][shell][info]["Shell~init~sendUsersDataToRenderer",[]]
[5580][1650036650171][shell][info]["EventBus~initialize - Success"]
[5580][1650036650254][shell][info]["bootShellCrashReporter~ Success"]
[5580][1650036650322][shell][info]["shellController~init: Success"]
[5580][1650036650323][shell][info]["shellMeta~init: Success"]
[5580][1650036650325][shell][info]["partitionMigrationService: State of V7 partition:"]
[5580][1650036650326][shell][info]["partitionMigrationService: V7 partitions",[]]
[5580][1650036650327][shell][info]["partitionMigrationService: V7 lastActiveUser",null]
[5580][1650036650328][shell][info]["partitionMigrationService: V7 activePartition",null]
[5580][1650036650329][shell][info]["partitionMigrationService: V7 isPartitionDirty",null]
[5580][1650036650331][shell][info]["partitionMigrationService~init: Success"]
[5580][1650036650333][shell][info]["partitionMigrationService~runV8PartitionsIntegrity: Two way migration~ removing the following partitions from v8",[]]
[5580][1650036650335][shell][info]["userPartitionService~_rectifyTheActivePartitionOfApplication: Setting the active partition to ",null]
[5580][1650036650337][shell][info]["userPartitionService~init: Success"]
[5580][1650036650338][shell][info]["userPartitionService: State of v8 partition system:"]
[5580][1650036650339][shell][info]["userPartitionService: List of partitions:",[{"partitionId":"f232a443-1d0e-4052-a6a8-4fba4c2814d2","namespace":"scratchPad","userId":0,"teamId":0,"isDirty":false}]]
[5580][1650036650340][shell][info]["userPartitionService: users global meta:",{"activePartition":null}]
[5580][1650036650341][shell][info]["shell~init~getPartitionToLoad: loading scratchpad partition"]
[5580][1650036650346][shell][info]["init~setViewAttributes - Initializing view with opts:"]
[5580][1650036650347][shell][info]["Shell~init~setViewAttributes: passing scratchpad partition id as ","f232a443-1d0e-4052-a6a8-4fba4c2814d2"]
[5580][1650036650349][shell][info]["Shell~init~setViewAttributes: do we have any logged in users? ",false]
[5580][1650036650353][shell][info]["init~setViewAttributes - Success"]
[5580][1650036658073][shell][info]["Shell~init~sendUsersDataToRenderer",[]]
[5580][1650036658232][shell][info]["Shell~init~sendUsersDataToRenderer",[]]
[2811][1657286658031][shell][info]["EventBus~initialize - Success"]
[2811][1657286658175][shell][info]["bootShellCrashReporter~ Success"]
[2811][1657286658322][shell][info]["shellController~init: Success"]
[2811][1657286658327][shell][info]["shellMeta~init: Success"]
[2811][1657286658331][shell][info]["partitionMigrationService: State of V7 partition:"]
[2811][1657286658334][shell][info]["partitionMigrationService: V7 partitions",[]]
[2811][1657286658338][shell][info]["partitionMigrationService: V7 lastActiveUser",null]
[2811][1657286658340][shell][info]["partitionMigrationService: V7 activePartition",null]
[2811][1657286658343][shell][info]["partitionMigrationService: V7 isPartitionDirty",null]
[2811][1657286658351][shell][info]["partitionMigrationService~init: Success"]
[2811][1657286658356][shell][info]["partitionMigrationService~runV8PartitionsIntegrity: Two way migration~ removing the following partitions from v8",[]]
[2811][1657286658363][shell][info]["userPartitionService~_rectifyTheActivePartitionOfApplication: Setting the active partition to ",null]
[2811][1657286658368][shell][info]["userPartitionService~init: Success"]
[2811][1657286658373][shell][info]["userPartitionService: State of v8 partition system:"]
[2811][1657286658376][shell][info]["userPartitionService: List of partitions:",[{"partitionId":"f232a443-1d0e-4052-a6a8-4fba4c2814d2","namespace":"scratchPad","userId":0,"teamId":0,"isDirty":false}]]
[2811][1657286658380][shell][info]["userPartitionService: users global meta:",{"activePartition":null}]
[2811][1657286658383][shell][info]["shell~init~getPartitionToLoad: loading scratchpad partition"]
[2811][1657286658400][shell][info]["init~setViewAttributes - Initializing view with opts:"]
[2811][1657286658405][shell][info]["Shell~init~setViewAttributes: passing scratchpad partition id as ","f232a443-1d0e-4052-a6a8-4fba4c2814d2"]
[2811][1657286658413][shell][info]["Shell~init~setViewAttributes: do we have any logged in users? ",false]
[2811][1657286658425][shell][info]["init~setViewAttributes - Success"]
[2811][1657286684040][shell][info]["Shell~init~sendUsersDataToRenderer",[]]
[2811][1657286684636][shell][info]["Shell~init~sendUsersDataToRenderer",[]]
[13776][1658106980263][shell][info]["EventBus~initialize - Success"]
[13776][1658106980348][shell][info]["bootShellCrashReporter~ Success"]
[13776][1658106980410][shell][info]["shellController~init: Success"]
[13776][1658106980411][shell][info]["shellMeta~init: Success"]
[13776][1658106980413][shell][info]["partitionMigrationService: State of V7 partition:"]
[13776][1658106980414][shell][info]["partitionMigrationService: V7 partitions",[]]
[13776][1658106980415][shell][info]["partitionMigrationService: V7 lastActiveUser",null]
[13776][1658106980415][shell][info]["partitionMigrationService: V7 activePartition",null]
[13776][1658106980416][shell][info]["partitionMigrationService: V7 isPartitionDirty",null]
[13776][1658106980418][shell][info]["partitionMigrationService~init: Success"]
[13776][1658106980420][shell][info]["partitionMigrationService~runV8PartitionsIntegrity: Two way migration~ removing the following partitions from v8",[]]
[13776][1658106980422][shell][info]["userPartitionService~_rectifyTheActivePartitionOfApplication: Setting the active partition to ",null]
[13776][1658106980424][shell][info]["userPartitionService~init: Success"]
[13776][1658106980425][shell][info]["userPartitionService: State of v8 partition system:"]
[13776][1658106980426][shell][info]["userPartitionService: List of partitions:",[{"partitionId":"f232a443-1d0e-4052-a6a8-4fba4c2814d2","namespace":"scratchPad","userId":0,"teamId":0,"isDirty":false}]]
[13776][1658106980427][shell][info]["userPartitionService: users global meta:",{"activePartition":null}]
[13776][1658106980428][shell][info]["shell~init~getPartitionToLoad: loading scratchpad partition"]
[13776][1658106980433][shell][info]["init~setViewAttributes - Initializing view with opts:"]
[13776][1658106980435][shell][info]["Shell~init~setViewAttributes: passing scratchpad partition id as ","f232a443-1d0e-4052-a6a8-4fba4c2814d2"]
[13776][1658106980436][shell][info]["Shell~init~setViewAttributes: do we have any logged in users? ",false]
[13776][1658106980439][shell][info]["init~setViewAttributes - Success"]
[13776][1658106987972][shell][info]["Shell~init~sendUsersDataToRenderer",[]]
[13776][1658106988142][shell][info]["Shell~init~sendUsersDataToRenderer",[]]
[3595][1658180992050][shell][info]["EventBus~initialize - Success"]
[3595][1658180992128][shell][info]["bootShellCrashReporter~ Success"]
[3595][1658180992188][shell][info]["shellController~init: Success"]
[3595][1658180992189][shell][info]["shellMeta~init: Success"]
[3595][1658180992190][shell][info]["partitionMigrationService: State of V7 partition:"]
[3595][1658180992191][shell][info]["partitionMigrationService: V7 partitions",[]]
[3595][1658180992192][shell][info]["partitionMigrationService: V7 lastActiveUser",null]
[3595][1658180992193][shell][info]["partitionMigrationService: V7 activePartition",null]
[3595][1658180992194][shell][info]["partitionMigrationService: V7 isPartitionDirty",null]
[3595][1658180992196][shell][info]["partitionMigrationService~init: Success"]
[3595][1658180992197][shell][info]["partitionMigrationService~runV8PartitionsIntegrity: Two way migration~ removing the following partitions from v8",[]]
[3595][1658180992199][shell][info]["userPartitionService~_rectifyTheActivePartitionOfApplication: Setting the active partition to ",null]
[3595][1658180992201][shell][info]["userPartitionService~init: Success"]
[3595][1658180992202][shell][info]["userPartitionService: State of v8 partition system:"]
[3595][1658180992203][shell][info]["userPartitionService: List of partitions:",[{"partitionId":"f232a443-1d0e-4052-a6a8-4fba4c2814d2","namespace":"scratchPad","userId":0,"teamId":0,"isDirty":false}]]
[3595][1658180992204][shell][info]["userPartitionService: users global meta:",{"activePartition":null}]
[3595][1658180992205][shell][info]["shell~init~getPartitionToLoad: loading scratchpad partition"]
[3595][1658180992209][shell][info]["init~setViewAttributes - Initializing view with opts:"]
[3595][1658180992210][shell][info]["Shell~init~setViewAttributes: passing scratchpad partition id as ","f232a443-1d0e-4052-a6a8-4fba4c2814d2"]
[3595][1658180992212][shell][info]["Shell~init~setViewAttributes: do we have any logged in users? ",false]
[3595][1658180992216][shell][info]["init~setViewAttributes - Success"]
[3595][1658180999425][shell][info]["Shell~init~sendUsersDataToRenderer",[]]
[3595][1658180999589][shell][info]["Shell~init~sendUsersDataToRenderer",[]]
[4242][1658602024680][shell][info]["EventBus~initialize - Success"]
[4242][1658602024762][shell][info]["bootShellCrashReporter~ Success"]
[4242][1658602024820][shell][info]["shellController~init: Success"]
[4242][1658602024822][shell][info]["shellMeta~init: Success"]
[4242][1658602024823][shell][info]["partitionMigrationService: State of V7 partition:"]
[4242][1658602024824][shell][info]["partitionMigrationService: V7 partitions",[]]
[4242][1658602024826][shell][info]["partitionMigrationService: V7 lastActiveUser",null]
[4242][1658602024826][shell][info]["partitionMigrationService: V7 activePartition",null]
[4242][1658602024827][shell][info]["partitionMigrationService: V7 isPartitionDirty",null]
[4242][1658602024829][shell][info]["partitionMigrationService~init: Success"]
[4242][1658602024831][shell][info]["partitionMigrationService~runV8PartitionsIntegrity: Two way migration~ removing the following partitions from v8",[]]
[4242][1658602024833][shell][info]["userPartitionService~_rectifyTheActivePartitionOfApplication: Setting the active partition to ",null]
[4242][1658602024835][shell][info]["userPartitionService~init: Success"]
[4242][1658602024836][shell][info]["userPartitionService: State of v8 partition system:"]
[4242][1658602024838][shell][info]["userPartitionService: List of partitions:",[{"partitionId":"f232a443-1d0e-4052-a6a8-4fba4c2814d2","namespace":"scratchPad","userId":0,"teamId":0,"isDirty":false}]]
[4242][1658602024839][shell][info]["userPartitionService: users global meta:",{"activePartition":null}]
[4242][1658602024839][shell][info]["shell~init~getPartitionToLoad: loading scratchpad partition"]
[4242][1658602024844][shell][info]["init~setViewAttributes - Initializing view with opts:"]
[4242][1658602024846][shell][info]["Shell~init~setViewAttributes: passing scratchpad partition id as ","f232a443-1d0e-4052-a6a8-4fba4c2814d2"]
[4242][1658602024848][shell][info]["Shell~init~setViewAttributes: do we have any logged in users? ",false]
[4242][1658602024851][shell][info]["init~setViewAttributes - Success"]
[4242][1658602032129][shell][info]["Shell~init~sendUsersDataToRenderer",[]]
[4242][1658602032345][shell][info]["Shell~init~sendUsersDataToRenderer",[]]
[13961][1660254114869][shell][info]["EventBus~initialize - Success"]
[13961][1660254114937][shell][info]["bootShellCrashReporter~ Success"]
[13961][1660254114982][shell][info]["shellController~init: Success"]
[13961][1660254114984][shell][info]["shellMeta~init: Success"]
[13961][1660254114985][shell][info]["partitionMigrationService: State of V7 partition:"]
[13961][1660254114986][shell][info]["partitionMigrationService: V7 partitions",[]]
[13961][1660254114986][shell][info]["partitionMigrationService: V7 lastActiveUser",null]
[13961][1660254114987][shell][info]["partitionMigrationService: V7 activePartition",null]
[13961][1660254114987][shell][info]["partitionMigrationService: V7 isPartitionDirty",null]
[13961][1660254114989][shell][info]["partitionMigrationService~init: Success"]
[13961][1660254114990][shell][info]["partitionMigrationService~runV8PartitionsIntegrity: Two way migration~ removing the following partitions from v8",[]]
[13961][1660254114992][shell][info]["userPartitionService~_rectifyTheActivePartitionOfApplication: Setting the active partition to ",null]
[13961][1660254114993][shell][info]["userPartitionService~init: Success"]
[13961][1660254114994][shell][info]["userPartitionService: State of v8 partition system:"]
[13961][1660254114995][shell][info]["userPartitionService: List of partitions:",[{"partitionId":"f232a443-1d0e-4052-a6a8-4fba4c2814d2","namespace":"scratchPad","userId":0,"teamId":0,"isDirty":false}]]
[13961][1660254114996][shell][info]["userPartitionService: users global meta:",{"activePartition":null}]
[13961][1660254114997][shell][info]["shell~init~getPartitionToLoad: loading scratchpad partition"]
[13961][1660254115001][shell][info]["init~setViewAttributes - Initializing view with opts:"]
[13961][1660254115004][shell][info]["Shell~init~setViewAttributes: passing scratchpad partition id as ","f232a443-1d0e-4052-a6a8-4fba4c2814d2"]
[13961][1660254115004][shell][info]["Shell~init~setViewAttributes: do we have any logged in users? ",false]
[13961][1660254115007][shell][info]["init~setViewAttributes - Success"]
[13961][1660254122808][shell][info]["Shell~init~sendUsersDataToRenderer",[]]
[13961][1660254123008][shell][info]["Shell~init~sendUsersDataToRenderer",[]]
[26513][1660267869115][shell][info]["EventBus~initialize - Success"]
[26513][1660267869204][shell][info]["bootShellCrashReporter~ Success"]
[26513][1660267869269][shell][info]["shellController~init: Success"]
[26513][1660267869270][shell][info]["shellMeta~init: Success"]
[26513][1660267869271][shell][info]["partitionMigrationService: State of V7 partition:"]
[26513][1660267869273][shell][info]["partitionMigrationService: V7 partitions",[]]
[26513][1660267869274][shell][info]["partitionMigrationService: V7 lastActiveUser",null]
[26513][1660267869274][shell][info]["partitionMigrationService: V7 activePartition",null]
[26513][1660267869275][shell][info]["partitionMigrationService: V7 isPartitionDirty",null]
[26513][1660267869278][shell][info]["partitionMigrationService~init: Success"]
[26513][1660267869279][shell][info]["partitionMigrationService~runV8PartitionsIntegrity: Two way migration~ removing the following partitions from v8",[]]
[26513][1660267869281][shell][info]["userPartitionService~_rectifyTheActivePartitionOfApplication: Setting the active partition to ",null]
[26513][1660267869283][shell][info]["userPartitionService~init: Success"]
[26513][1660267869284][shell][info]["userPartitionService: State of v8 partition system:"]
[26513][1660267869286][shell][info]["userPartitionService: List of partitions:",[{"partitionId":"f232a443-1d0e-4052-a6a8-4fba4c2814d2","namespace":"scratchPad","userId":0,"teamId":0,"isDirty":false}]]
[26513][1660267869287][shell][info]["userPartitionService: users global meta:",{"activePartition":null}]
[26513][1660267869288][shell][info]["shell~init~getPartitionToLoad: loading scratchpad partition"]
[26513][1660267869292][shell][info]["init~setViewAttributes - Initializing view with opts:"]
[26513][1660267869295][shell][info]["Shell~init~setViewAttributes: passing scratchpad partition id as ","f232a443-1d0e-4052-a6a8-4fba4c2814d2"]
[26513][1660267869296][shell][info]["Shell~init~setViewAttributes: do we have any logged in users? ",false]
[26513][1660267869300][shell][info]["init~setViewAttributes - Success"]
[26513][1660267877466][shell][info]["Shell~init~sendUsersDataToRenderer",[]]
[26513][1660267877637][shell][info]["Shell~init~sendUsersDataToRenderer",[]]
[8614][1660309613563][shell][info]["EventBus~initialize - Success"]
[8614][1660309613650][shell][info]["bootShellCrashReporter~ Success"]
[8614][1660309613715][shell][info]["shellController~init: Success"]
[8614][1660309613717][shell][info]["shellMeta~init: Success"]
[8614][1660309613718][shell][info]["partitionMigrationService: State of V7 partition:"]
[8614][1660309613719][shell][info]["partitionMigrationService: V7 partitions",[]]
[8614][1660309613720][shell][info]["partitionMigrationService: V7 lastActiveUser",null]
[8614][1660309613721][shell][info]["partitionMigrationService: V7 activePartition",null]
[8614][1660309613722][shell][info]["partitionMigrationService: V7 isPartitionDirty",null]
[8614][1660309613724][shell][info]["partitionMigrationService~init: Success"]
[8614][1660309613726][shell][info]["partitionMigrationService~runV8PartitionsIntegrity: Two way migration~ removing the following partitions from v8",[]]
[8614][1660309613728][shell][info]["userPartitionService~_rectifyTheActivePartitionOfApplication: Setting the active partition to ",null]
[8614][1660309613729][shell][info]["userPartitionService~init: Success"]
[8614][1660309613731][shell][info]["userPartitionService: State of v8 partition system:"]
[8614][1660309613732][shell][info]["userPartitionService: List of partitions:",[{"partitionId":"f232a443-1d0e-4052-a6a8-4fba4c2814d2","namespace":"scratchPad","userId":0,"teamId":0,"isDirty":false}]]
[8614][1660309613733][shell][info]["userPartitionService: users global meta:",{"activePartition":null}]
[8614][1660309613734][shell][info]["shell~init~getPartitionToLoad: loading scratchpad partition"]
[8614][1660309613738][shell][info]["init~setViewAttributes - Initializing view with opts:"]
[8614][1660309613740][shell][info]["Shell~init~setViewAttributes: passing scratchpad partition id as ","f232a443-1d0e-4052-a6a8-4fba4c2814d2"]
[8614][1660309613742][shell][info]["Shell~init~setViewAttributes: do we have any logged in users? ",false]
[8614][1660309613745][shell][info]["init~setViewAttributes - Success"]
[8614][1660309621715][shell][info]["Shell~init~sendUsersDataToRenderer",[]]
[8614][1660309621882][shell][info]["Shell~init~sendUsersDataToRenderer",[]]
[4264][1660777054523][shell][info]["EventBus~initialize - Success"]
[4264][1660777054608][shell][info]["bootShellCrashReporter~ Success"]
[4264][1660777054658][shell][info]["shellController~init: Success"]
[4264][1660777054659][shell][info]["shellMeta~init: Success"]
[4264][1660777054660][shell][info]["partitionMigrationService: State of V7 partition:"]
[4264][1660777054660][shell][info]["partitionMigrationService: V7 partitions",[]]
[4264][1660777054661][shell][info]["partitionMigrationService: V7 lastActiveUser",null]
[4264][1660777054661][shell][info]["partitionMigrationService: V7 activePartition",null]
[4264][1660777054662][shell][info]["partitionMigrationService: V7 isPartitionDirty",null]
[4264][1660777054664][shell][info]["partitionMigrationService~init: Success"]
[4264][1660777054665][shell][info]["partitionMigrationService~runV8PartitionsIntegrity: Two way migration~ removing the following partitions from v8",[]]
[4264][1660777054666][shell][info]["userPartitionService~_rectifyTheActivePartitionOfApplication: Setting the active partition to ",null]
[4264][1660777054667][shell][info]["userPartitionService~init: Success"]
[4264][1660777054669][shell][info]["userPartitionService: State of v8 partition system:"]
[4264][1660777054670][shell][info]["userPartitionService: List of partitions:",[{"partitionId":"f232a443-1d0e-4052-a6a8-4fba4c2814d2","namespace":"scratchPad","userId":0,"teamId":0,"isDirty":false}]]
[4264][1660777054670][shell][info]["userPartitionService: users global meta:",{"activePartition":null}]
[4264][1660777054671][shell][info]["shell~init~getPartitionToLoad: loading scratchpad partition"]
[4264][1660777054675][shell][info]["init~setViewAttributes - Initializing view with opts:"]
[4264][1660777054676][shell][info]["Shell~init~setViewAttributes: passing scratchpad partition id as ","f232a443-1d0e-4052-a6a8-4fba4c2814d2"]
[4264][1660777054678][shell][info]["Shell~init~setViewAttributes: do we have any logged in users? ",false]
[4264][1660777054680][shell][info]["init~setViewAttributes - Success"]
[4264][1660777062793][shell][info]["Shell~init~sendUsersDataToRenderer",[]]
[4264][1660777062979][shell][info]["Shell~init~sendUsersDataToRenderer",[]]
